{"C:\\Users\\maxma\\OneDrive\\Documents\\GitHub\\Project-Exam-2\\src\\main.jsx": {"path":"C:\\Users\\maxma\\OneDrive\\Documents\\GitHub\\Project-Exam-2\\src\\main.jsx","statementMap":{"0":{"start":{"line":10,"column":0},"end":{"line":18,"column":2}}},"fnMap":{},"branchMap":{},"s":{"0":0},"f":{},"b":{}}
,"C:\\Users\\maxma\\OneDrive\\Documents\\GitHub\\Project-Exam-2\\src\\components\\App\\App.jsx": {"path":"C:\\Users\\maxma\\OneDrive\\Documents\\GitHub\\Project-Exam-2\\src\\components\\App\\App.jsx","statementMap":{"0":{"start":{"line":17,"column":2},"end":{"line":17,"column":19}},"1":{"start":{"line":18,"column":2},"end":{"line":22,"column":4}}},"fnMap":{"0":{"name":"App","decl":{"start":{"line":16,"column":9},"end":{"line":16,"column":12}},"loc":{"start":{"line":16,"column":15},"end":{"line":23,"column":1}},"line":16}},"branchMap":{},"s":{"0":1,"1":1},"f":{"0":1},"b":{},"_coverageSchema":"1a1c01bbd47fc00a2c39e90264f33305004495a9","hash":"f9a8d3a034d141341b97bd4298520319e53c2431"}
,"C:\\Users\\maxma\\OneDrive\\Documents\\GitHub\\Project-Exam-2\\src\\components\\Badge\\VenueBadge.jsx": {"path":"C:\\Users\\maxma\\OneDrive\\Documents\\GitHub\\Project-Exam-2\\src\\components\\Badge\\VenueBadge.jsx","statementMap":{"0":{"start":{"line":19,"column":17},"end":{"line":19,"column":19}},"1":{"start":{"line":21,"column":2},"end":{"line":30,"column":3}},"2":{"start":{"line":22,"column":4},"end":{"line":29,"column":6}},"3":{"start":{"line":32,"column":2},"end":{"line":41,"column":3}},"4":{"start":{"line":33,"column":4},"end":{"line":40,"column":6}},"5":{"start":{"line":43,"column":2},"end":{"line":52,"column":3}},"6":{"start":{"line":44,"column":4},"end":{"line":51,"column":6}},"7":{"start":{"line":54,"column":2},"end":{"line":63,"column":3}},"8":{"start":{"line":55,"column":4},"end":{"line":62,"column":6}},"9":{"start":{"line":65,"column":2},"end":{"line":65,"column":62}}},"fnMap":{"0":{"name":"VenueBadge","decl":{"start":{"line":18,"column":9},"end":{"line":18,"column":19}},"loc":{"start":{"line":18,"column":30},"end":{"line":66,"column":1}},"line":18}},"branchMap":{"0":{"loc":{"start":{"line":21,"column":2},"end":{"line":30,"column":3}},"type":"if","locations":[{"start":{"line":21,"column":2},"end":{"line":30,"column":3}},{"start":{},"end":{}}],"line":21},"1":{"loc":{"start":{"line":32,"column":2},"end":{"line":41,"column":3}},"type":"if","locations":[{"start":{"line":32,"column":2},"end":{"line":41,"column":3}},{"start":{},"end":{}}],"line":32},"2":{"loc":{"start":{"line":43,"column":2},"end":{"line":52,"column":3}},"type":"if","locations":[{"start":{"line":43,"column":2},"end":{"line":52,"column":3}},{"start":{},"end":{}}],"line":43},"3":{"loc":{"start":{"line":54,"column":2},"end":{"line":63,"column":3}},"type":"if","locations":[{"start":{"line":54,"column":2},"end":{"line":63,"column":3}},{"start":{},"end":{}}],"line":54}},"s":{"0":0,"1":0,"2":0,"3":0,"4":0,"5":0,"6":0,"7":0,"8":0,"9":0},"f":{"0":0},"b":{"0":[0,0],"1":[0,0],"2":[0,0],"3":[0,0]}}
,"C:\\Users\\maxma\\OneDrive\\Documents\\GitHub\\Project-Exam-2\\src\\components\\Footer\\Footer.jsx": {"path":"C:\\Users\\maxma\\OneDrive\\Documents\\GitHub\\Project-Exam-2\\src\\components\\Footer\\Footer.jsx","statementMap":{"0":{"start":{"line":24,"column":2},"end":{"line":65,"column":4}}},"fnMap":{"0":{"name":"Footer","decl":{"start":{"line":23,"column":9},"end":{"line":23,"column":15}},"loc":{"start":{"line":23,"column":18},"end":{"line":66,"column":1}},"line":23}},"branchMap":{},"s":{"0":0},"f":{"0":0},"b":{}}
,"C:\\Users\\maxma\\OneDrive\\Documents\\GitHub\\Project-Exam-2\\src\\components\\Forms\\AvatarForm.jsx": {"path":"C:\\Users\\maxma\\OneDrive\\Documents\\GitHub\\Project-Exam-2\\src\\components\\Forms\\AvatarForm.jsx","statementMap":{"0":{"start":{"line":30,"column":2},"end":{"line":142,"column":4}}},"fnMap":{"0":{"name":"AvatarForm","decl":{"start":{"line":21,"column":9},"end":{"line":21,"column":19}},"loc":{"start":{"line":29,"column":3},"end":{"line":143,"column":1}},"line":29}},"branchMap":{"0":{"loc":{"start":{"line":113,"column":21},"end":{"line":113,"column":48}},"type":"binary-expr","locations":[{"start":{"line":113,"column":21},"end":{"line":113,"column":30}},{"start":{"line":113,"column":34},"end":{"line":113,"column":48}}],"line":113},"1":{"loc":{"start":{"line":137,"column":13},"end":{"line":137,"column":54}},"type":"binary-expr","locations":[{"start":{"line":137,"column":13},"end":{"line":137,"column":18}},{"start":{"line":137,"column":22},"end":{"line":137,"column":54}}],"line":137}},"s":{"0":0},"f":{"0":0},"b":{"0":[0,0],"1":[0,0]}}
,"C:\\Users\\maxma\\OneDrive\\Documents\\GitHub\\Project-Exam-2\\src\\components\\Forms\\BookingForm.jsx": {"path":"C:\\Users\\maxma\\OneDrive\\Documents\\GitHub\\Project-Exam-2\\src\\components\\Forms\\BookingForm.jsx","statementMap":{"0":{"start":{"line":36,"column":19},"end":{"line":36,"column":32}},"1":{"start":{"line":37,"column":22},"end":{"line":37,"column":68}},"2":{"start":{"line":37,"column":45},"end":{"line":37,"column":67}},"3":{"start":{"line":38,"column":16},"end":{"line":38,"column":56}},"4":{"start":{"line":38,"column":39},"end":{"line":38,"column":55}},"5":{"start":{"line":39,"column":17},"end":{"line":39,"column":58}},"6":{"start":{"line":39,"column":40},"end":{"line":39,"column":57}},"7":{"start":{"line":40,"column":21},"end":{"line":40,"column":41}},"8":{"start":{"line":41,"column":30},"end":{"line":41,"column":41}},"9":{"start":{"line":42,"column":42},"end":{"line":42,"column":54}},"10":{"start":{"line":43,"column":36},"end":{"line":43,"column":51}},"11":{"start":{"line":44,"column":28},"end":{"line":44,"column":72}},"12":{"start":{"line":44,"column":51},"end":{"line":44,"column":71}},"13":{"start":{"line":45,"column":40},"end":{"line":45,"column":55}},"14":{"start":{"line":46,"column":46},"end":{"line":46,"column":61}},"15":{"start":{"line":48,"column":19},"end":{"line":48,"column":32}},"16":{"start":{"line":50,"column":2},"end":{"line":54,"column":26}},"17":{"start":{"line":51,"column":4},"end":{"line":53,"column":5}},"18":{"start":{"line":52,"column":6},"end":{"line":52,"column":41}},"19":{"start":{"line":56,"column":37},"end":{"line":56,"column":46}},"20":{"start":{"line":58,"column":28},"end":{"line":62,"column":4}},"21":{"start":{"line":64,"column":28},"end":{"line":70,"column":4}},"22":{"start":{"line":72,"column":21},"end":{"line":76,"column":4}},"23":{"start":{"line":78,"column":16},"end":{"line":78,"column":73}},"24":{"start":{"line":78,"column":24},"end":{"line":78,"column":73}},"25":{"start":{"line":78,"column":49},"end":{"line":78,"column":72}},"26":{"start":{"line":80,"column":24},"end":{"line":173,"column":3}},"27":{"start":{"line":81,"column":4},"end":{"line":81,"column":26}},"28":{"start":{"line":81,"column":19},"end":{"line":81,"column":26}},"29":{"start":{"line":83,"column":4},"end":{"line":83,"column":23}},"30":{"start":{"line":84,"column":4},"end":{"line":84,"column":29}},"31":{"start":{"line":86,"column":33},"end":{"line":86,"column":41}},"32":{"start":{"line":89,"column":4},"end":{"line":99,"column":6}},"33":{"start":{"line":101,"column":4},"end":{"line":111,"column":6}},"34":{"start":{"line":113,"column":27},"end":{"line":113,"column":72}},"35":{"start":{"line":115,"column":4},"end":{"line":119,"column":5}},"36":{"start":{"line":116,"column":6},"end":{"line":116,"column":59}},"37":{"start":{"line":117,"column":6},"end":{"line":117,"column":26}},"38":{"start":{"line":118,"column":6},"end":{"line":118,"column":13}},"39":{"start":{"line":121,"column":24},"end":{"line":148,"column":5}},"40":{"start":{"line":150,"column":4},"end":{"line":172,"column":5}},"41":{"start":{"line":151,"column":27},"end":{"line":153,"column":7}},"42":{"start":{"line":154,"column":21},"end":{"line":154,"column":41}},"43":{"start":{"line":156,"column":6},"end":{"line":158,"column":7}},"44":{"start":{"line":157,"column":8},"end":{"line":157,"column":42}},"45":{"start":{"line":159,"column":6},"end":{"line":159,"column":26}},"46":{"start":{"line":160,"column":6},"end":{"line":160,"column":24}},"47":{"start":{"line":161,"column":6},"end":{"line":161,"column":27}},"48":{"start":{"line":163,"column":27},"end":{"line":163,"column":70}},"49":{"start":{"line":164,"column":6},"end":{"line":164,"column":36}},"50":{"start":{"line":165,"column":6},"end":{"line":165,"column":24}},"51":{"start":{"line":166,"column":6},"end":{"line":166,"column":30}},"52":{"start":{"line":168,"column":6},"end":{"line":168,"column":26}},"53":{"start":{"line":169,"column":6},"end":{"line":171,"column":7}},"54":{"start":{"line":170,"column":8},"end":{"line":170,"column":28}},"55":{"start":{"line":175,"column":2},"end":{"line":179,"column":21}},"56":{"start":{"line":176,"column":4},"end":{"line":178,"column":5}},"57":{"start":{"line":177,"column":6},"end":{"line":177,"column":36}},"58":{"start":{"line":181,"column":2},"end":{"line":278,"column":4}},"59":{"start":{"line":199,"column":34},"end":{"line":199,"column":60}},"60":{"start":{"line":248,"column":27},"end":{"line":248,"column":49}},"61":{"start":{"line":269,"column":44},"end":{"line":269,"column":65}},"62":{"start":{"line":274,"column":25},"end":{"line":274,"column":49}}},"fnMap":{"0":{"name":"BookingForm","decl":{"start":{"line":35,"column":9},"end":{"line":35,"column":20}},"loc":{"start":{"line":35,"column":70},"end":{"line":279,"column":1}},"line":35},"1":{"name":"(anonymous_1)","decl":{"start":{"line":37,"column":34},"end":{"line":37,"column":35}},"loc":{"start":{"line":37,"column":45},"end":{"line":37,"column":67}},"line":37},"2":{"name":"(anonymous_2)","decl":{"start":{"line":38,"column":28},"end":{"line":38,"column":29}},"loc":{"start":{"line":38,"column":39},"end":{"line":38,"column":55}},"line":38},"3":{"name":"(anonymous_3)","decl":{"start":{"line":39,"column":29},"end":{"line":39,"column":30}},"loc":{"start":{"line":39,"column":40},"end":{"line":39,"column":57}},"line":39},"4":{"name":"(anonymous_4)","decl":{"start":{"line":44,"column":40},"end":{"line":44,"column":41}},"loc":{"start":{"line":44,"column":51},"end":{"line":44,"column":71}},"line":44},"5":{"name":"(anonymous_5)","decl":{"start":{"line":50,"column":12},"end":{"line":50,"column":13}},"loc":{"start":{"line":50,"column":18},"end":{"line":54,"column":3}},"line":50},"6":{"name":"(anonymous_6)","decl":{"start":{"line":78,"column":16},"end":{"line":78,"column":17}},"loc":{"start":{"line":78,"column":24},"end":{"line":78,"column":73}},"line":78},"7":{"name":"(anonymous_7)","decl":{"start":{"line":78,"column":36},"end":{"line":78,"column":37}},"loc":{"start":{"line":78,"column":49},"end":{"line":78,"column":72}},"line":78},"8":{"name":"(anonymous_8)","decl":{"start":{"line":80,"column":24},"end":{"line":80,"column":25}},"loc":{"start":{"line":80,"column":36},"end":{"line":173,"column":3}},"line":80},"9":{"name":"(anonymous_9)","decl":{"start":{"line":175,"column":12},"end":{"line":175,"column":13}},"loc":{"start":{"line":175,"column":18},"end":{"line":179,"column":3}},"line":175},"10":{"name":"(anonymous_10)","decl":{"start":{"line":199,"column":24},"end":{"line":199,"column":25}},"loc":{"start":{"line":199,"column":34},"end":{"line":199,"column":60}},"line":199},"11":{"name":"(anonymous_11)","decl":{"start":{"line":248,"column":21},"end":{"line":248,"column":22}},"loc":{"start":{"line":248,"column":27},"end":{"line":248,"column":49}},"line":248},"12":{"name":"(anonymous_12)","decl":{"start":{"line":269,"column":38},"end":{"line":269,"column":39}},"loc":{"start":{"line":269,"column":44},"end":{"line":269,"column":65}},"line":269},"13":{"name":"(anonymous_13)","decl":{"start":{"line":274,"column":19},"end":{"line":274,"column":20}},"loc":{"start":{"line":274,"column":25},"end":{"line":274,"column":49}},"line":274}},"branchMap":{"0":{"loc":{"start":{"line":51,"column":4},"end":{"line":53,"column":5}},"type":"if","locations":[{"start":{"line":51,"column":4},"end":{"line":53,"column":5}},{"start":{},"end":{}}],"line":51},"1":{"loc":{"start":{"line":81,"column":4},"end":{"line":81,"column":26}},"type":"if","locations":[{"start":{"line":81,"column":4},"end":{"line":81,"column":26}},{"start":{},"end":{}}],"line":81},"2":{"loc":{"start":{"line":115,"column":4},"end":{"line":119,"column":5}},"type":"if","locations":[{"start":{"line":115,"column":4},"end":{"line":119,"column":5}},{"start":{},"end":{}}],"line":115},"3":{"loc":{"start":{"line":156,"column":6},"end":{"line":158,"column":7}},"type":"if","locations":[{"start":{"line":156,"column":6},"end":{"line":158,"column":7}},{"start":{},"end":{}}],"line":156},"4":{"loc":{"start":{"line":156,"column":10},"end":{"line":156,"column":44}},"type":"binary-expr","locations":[{"start":{"line":156,"column":10},"end":{"line":156,"column":28}},{"start":{"line":156,"column":32},"end":{"line":156,"column":44}}],"line":156},"5":{"loc":{"start":{"line":163,"column":27},"end":{"line":163,"column":70}},"type":"binary-expr","locations":[{"start":{"line":163,"column":27},"end":{"line":163,"column":40}},{"start":{"line":163,"column":44},"end":{"line":163,"column":70}}],"line":163},"6":{"loc":{"start":{"line":169,"column":6},"end":{"line":171,"column":7}},"type":"if","locations":[{"start":{"line":169,"column":6},"end":{"line":171,"column":7}},{"start":{},"end":{}}],"line":169},"7":{"loc":{"start":{"line":176,"column":4},"end":{"line":178,"column":5}},"type":"if","locations":[{"start":{"line":176,"column":4},"end":{"line":178,"column":5}},{"start":{},"end":{}}],"line":176},"8":{"loc":{"start":{"line":234,"column":9},"end":{"line":252,"column":9}},"type":"cond-expr","locations":[{"start":{"line":235,"column":10},"end":{"line":243,"column":19}},{"start":{"line":245,"column":10},"end":{"line":251,"column":19}}],"line":234},"9":{"loc":{"start":{"line":238,"column":14},"end":{"line":238,"column":51}},"type":"cond-expr","locations":[{"start":{"line":238,"column":26},"end":{"line":238,"column":46}},{"start":{"line":238,"column":49},"end":{"line":238,"column":51}}],"line":238},"10":{"loc":{"start":{"line":242,"column":13},"end":{"line":242,"column":46}},"type":"cond-expr","locations":[{"start":{"line":242,"column":25},"end":{"line":242,"column":37}},{"start":{"line":242,"column":40},"end":{"line":242,"column":46}}],"line":242},"11":{"loc":{"start":{"line":254,"column":11},"end":{"line":258,"column":11}},"type":"binary-expr","locations":[{"start":{"line":254,"column":11},"end":{"line":254,"column":23}},{"start":{"line":255,"column":12},"end":{"line":257,"column":16}}],"line":254},"12":{"loc":{"start":{"line":268,"column":7},"end":{"line":270,"column":7}},"type":"binary-expr","locations":[{"start":{"line":268,"column":7},"end":{"line":268,"column":18}},{"start":{"line":269,"column":8},"end":{"line":269,"column":69}}],"line":268},"13":{"loc":{"start":{"line":271,"column":7},"end":{"line":276,"column":7}},"type":"binary-expr","locations":[{"start":{"line":271,"column":7},"end":{"line":271,"column":21}},{"start":{"line":272,"column":8},"end":{"line":275,"column":10}}],"line":271}},"s":{"0":0,"1":0,"2":0,"3":0,"4":0,"5":0,"6":0,"7":0,"8":0,"9":0,"10":0,"11":0,"12":0,"13":0,"14":0,"15":0,"16":0,"17":0,"18":0,"19":0,"20":0,"21":0,"22":0,"23":0,"24":0,"25":0,"26":0,"27":0,"28":0,"29":0,"30":0,"31":0,"32":0,"33":0,"34":0,"35":0,"36":0,"37":0,"38":0,"39":0,"40":0,"41":0,"42":0,"43":0,"44":0,"45":0,"46":0,"47":0,"48":0,"49":0,"50":0,"51":0,"52":0,"53":0,"54":0,"55":0,"56":0,"57":0,"58":0,"59":0,"60":0,"61":0,"62":0},"f":{"0":0,"1":0,"2":0,"3":0,"4":0,"5":0,"6":0,"7":0,"8":0,"9":0,"10":0,"11":0,"12":0,"13":0},"b":{"0":[0,0],"1":[0,0],"2":[0,0],"3":[0,0],"4":[0,0],"5":[0,0],"6":[0,0],"7":[0,0],"8":[0,0],"9":[0,0],"10":[0,0],"11":[0,0],"12":[0,0],"13":[0,0]}}
,"C:\\Users\\maxma\\OneDrive\\Documents\\GitHub\\Project-Exam-2\\src\\components\\Forms\\FiltersForm.jsx": {"path":"C:\\Users\\maxma\\OneDrive\\Documents\\GitHub\\Project-Exam-2\\src\\components\\Forms\\FiltersForm.jsx","statementMap":{"0":{"start":{"line":17,"column":36},"end":{"line":17,"column":51}},"1":{"start":{"line":18,"column":26},"end":{"line":18,"column":41}},"2":{"start":{"line":19,"column":26},"end":{"line":19,"column":41}},"3":{"start":{"line":20,"column":32},"end":{"line":20,"column":47}},"4":{"start":{"line":21,"column":34},"end":{"line":21,"column":46}},"5":{"start":{"line":22,"column":34},"end":{"line":22,"column":46}},"6":{"start":{"line":25,"column":31},"end":{"line":27,"column":3}},"7":{"start":{"line":25,"column":43},"end":{"line":27,"column":3}},"8":{"start":{"line":26,"column":4},"end":{"line":26,"column":29}},"9":{"start":{"line":30,"column":28},"end":{"line":32,"column":3}},"10":{"start":{"line":30,"column":40},"end":{"line":32,"column":3}},"11":{"start":{"line":31,"column":4},"end":{"line":31,"column":27}},"12":{"start":{"line":33,"column":2},"end":{"line":42,"column":75}},"13":{"start":{"line":34,"column":4},"end":{"line":41,"column":7}},"14":{"start":{"line":43,"column":2},"end":{"line":151,"column":4}}},"fnMap":{"0":{"name":"FiltersForm","decl":{"start":{"line":16,"column":9},"end":{"line":16,"column":20}},"loc":{"start":{"line":16,"column":41},"end":{"line":152,"column":1}},"line":16},"1":{"name":"(anonymous_1)","decl":{"start":{"line":25,"column":31},"end":{"line":25,"column":32}},"loc":{"start":{"line":25,"column":43},"end":{"line":27,"column":3}},"line":25},"2":{"name":"(anonymous_2)","decl":{"start":{"line":25,"column":43},"end":{"line":25,"column":44}},"loc":{"start":{"line":25,"column":50},"end":{"line":27,"column":3}},"line":25},"3":{"name":"(anonymous_3)","decl":{"start":{"line":30,"column":28},"end":{"line":30,"column":29}},"loc":{"start":{"line":30,"column":40},"end":{"line":32,"column":3}},"line":30},"4":{"name":"(anonymous_4)","decl":{"start":{"line":30,"column":40},"end":{"line":30,"column":41}},"loc":{"start":{"line":30,"column":47},"end":{"line":32,"column":3}},"line":30},"5":{"name":"(anonymous_5)","decl":{"start":{"line":33,"column":12},"end":{"line":33,"column":13}},"loc":{"start":{"line":33,"column":18},"end":{"line":42,"column":3}},"line":33}},"branchMap":{},"s":{"0":0,"1":0,"2":0,"3":0,"4":0,"5":0,"6":0,"7":0,"8":0,"9":0,"10":0,"11":0,"12":0,"13":0,"14":0},"f":{"0":0,"1":0,"2":0,"3":0,"4":0,"5":0},"b":{}}
,"C:\\Users\\maxma\\OneDrive\\Documents\\GitHub\\Project-Exam-2\\src\\components\\Forms\\ImageForm.jsx": {"path":"C:\\Users\\maxma\\OneDrive\\Documents\\GitHub\\Project-Exam-2\\src\\components\\Forms\\ImageForm.jsx","statementMap":{"0":{"start":{"line":20,"column":28},"end":{"line":28,"column":3}},"1":{"start":{"line":21,"column":22},"end":{"line":26,"column":6}},"2":{"start":{"line":22,"column":6},"end":{"line":24,"column":7}},"3":{"start":{"line":23,"column":8},"end":{"line":23,"column":38}},"4":{"start":{"line":25,"column":6},"end":{"line":25,"column":17}},"5":{"start":{"line":27,"column":4},"end":{"line":27,"column":30}},"6":{"start":{"line":30,"column":25},"end":{"line":33,"column":3}},"7":{"start":{"line":31,"column":4},"end":{"line":31,"column":27}},"8":{"start":{"line":32,"column":4},"end":{"line":32,"column":54}},"9":{"start":{"line":35,"column":28},"end":{"line":38,"column":3}},"10":{"start":{"line":36,"column":22},"end":{"line":36,"column":58}},"11":{"start":{"line":36,"column":46},"end":{"line":36,"column":57}},"12":{"start":{"line":37,"column":4},"end":{"line":37,"column":30}},"13":{"start":{"line":40,"column":2},"end":{"line":92,"column":4}},"14":{"start":{"line":44,"column":10},"end":{"line":78,"column":16}},"15":{"start":{"line":48,"column":33},"end":{"line":48,"column":57}},"16":{"start":{"line":64,"column":35},"end":{"line":64,"column":75}}},"fnMap":{"0":{"name":"ImageForm","decl":{"start":{"line":19,"column":9},"end":{"line":19,"column":18}},"loc":{"start":{"line":19,"column":47},"end":{"line":93,"column":1}},"line":19},"1":{"name":"(anonymous_1)","decl":{"start":{"line":20,"column":28},"end":{"line":20,"column":29}},"loc":{"start":{"line":20,"column":46},"end":{"line":28,"column":3}},"line":20},"2":{"name":"(anonymous_2)","decl":{"start":{"line":21,"column":33},"end":{"line":21,"column":34}},"loc":{"start":{"line":21,"column":45},"end":{"line":26,"column":5}},"line":21},"3":{"name":"(anonymous_3)","decl":{"start":{"line":30,"column":25},"end":{"line":30,"column":26}},"loc":{"start":{"line":30,"column":36},"end":{"line":33,"column":3}},"line":30},"4":{"name":"(anonymous_4)","decl":{"start":{"line":35,"column":28},"end":{"line":35,"column":29}},"loc":{"start":{"line":35,"column":39},"end":{"line":38,"column":3}},"line":35},"5":{"name":"(anonymous_5)","decl":{"start":{"line":36,"column":36},"end":{"line":36,"column":37}},"loc":{"start":{"line":36,"column":46},"end":{"line":36,"column":57}},"line":36},"6":{"name":"(anonymous_6)","decl":{"start":{"line":43,"column":20},"end":{"line":43,"column":21}},"loc":{"start":{"line":44,"column":10},"end":{"line":78,"column":16}},"line":44},"7":{"name":"(anonymous_7)","decl":{"start":{"line":48,"column":27},"end":{"line":48,"column":28}},"loc":{"start":{"line":48,"column":33},"end":{"line":48,"column":57}},"line":48},"8":{"name":"(anonymous_8)","decl":{"start":{"line":64,"column":28},"end":{"line":64,"column":29}},"loc":{"start":{"line":64,"column":35},"end":{"line":64,"column":75}},"line":64}},"branchMap":{"0":{"loc":{"start":{"line":22,"column":6},"end":{"line":24,"column":7}},"type":"if","locations":[{"start":{"line":22,"column":6},"end":{"line":24,"column":7}},{"start":{},"end":{}}],"line":22},"1":{"loc":{"start":{"line":46,"column":15},"end":{"line":56,"column":15}},"type":"binary-expr","locations":[{"start":{"line":46,"column":15},"end":{"line":46,"column":32}},{"start":{"line":47,"column":16},"end":{"line":55,"column":25}}],"line":46},"2":{"loc":{"start":{"line":74,"column":21},"end":{"line":74,"column":47}},"type":"binary-expr","locations":[{"start":{"line":74,"column":21},"end":{"line":74,"column":30}},{"start":{"line":74,"column":34},"end":{"line":74,"column":47}}],"line":74},"3":{"loc":{"start":{"line":75,"column":21},"end":{"line":75,"column":49}},"type":"binary-expr","locations":[{"start":{"line":75,"column":21},"end":{"line":75,"column":30}},{"start":{"line":75,"column":34},"end":{"line":75,"column":49}}],"line":75}},"s":{"0":0,"1":0,"2":0,"3":0,"4":0,"5":0,"6":0,"7":0,"8":0,"9":0,"10":0,"11":0,"12":0,"13":0,"14":0,"15":0,"16":0},"f":{"0":0,"1":0,"2":0,"3":0,"4":0,"5":0,"6":0,"7":0,"8":0},"b":{"0":[0,0],"1":[0,0],"2":[0,0],"3":[0,0]}}
,"C:\\Users\\maxma\\OneDrive\\Documents\\GitHub\\Project-Exam-2\\src\\components\\Forms\\LoginForm.jsx": {"path":"C:\\Users\\maxma\\OneDrive\\Documents\\GitHub\\Project-Exam-2\\src\\components\\Forms\\LoginForm.jsx","statementMap":{"0":{"start":{"line":22,"column":19},"end":{"line":22,"column":32}},"1":{"start":{"line":23,"column":19},"end":{"line":23,"column":32}},"2":{"start":{"line":24,"column":21},"end":{"line":24,"column":62}},"3":{"start":{"line":24,"column":44},"end":{"line":24,"column":61}},"4":{"start":{"line":25,"column":20},"end":{"line":25,"column":60}},"5":{"start":{"line":25,"column":43},"end":{"line":25,"column":59}},"6":{"start":{"line":26,"column":30},"end":{"line":26,"column":42}},"7":{"start":{"line":27,"column":30},"end":{"line":30,"column":4}},"8":{"start":{"line":32,"column":22},"end":{"line":32,"column":68}},"9":{"start":{"line":32,"column":45},"end":{"line":32,"column":67}},"10":{"start":{"line":33,"column":16},"end":{"line":33,"column":56}},"11":{"start":{"line":33,"column":39},"end":{"line":33,"column":55}},"12":{"start":{"line":34,"column":17},"end":{"line":34,"column":58}},"13":{"start":{"line":34,"column":40},"end":{"line":34,"column":57}},"14":{"start":{"line":36,"column":23},"end":{"line":39,"column":3}},"15":{"start":{"line":37,"column":4},"end":{"line":37,"column":44}},"16":{"start":{"line":38,"column":4},"end":{"line":38,"column":41}},"17":{"start":{"line":41,"column":23},"end":{"line":67,"column":3}},"18":{"start":{"line":42,"column":4},"end":{"line":42,"column":27}},"19":{"start":{"line":43,"column":21},"end":{"line":46,"column":5}},"20":{"start":{"line":47,"column":32},"end":{"line":47,"column":38}},"21":{"start":{"line":50,"column":22},"end":{"line":50,"column":24}},"22":{"start":{"line":51,"column":4},"end":{"line":52,"column":74}},"23":{"start":{"line":52,"column":6},"end":{"line":52,"column":74}},"24":{"start":{"line":53,"column":4},"end":{"line":54,"column":74}},"25":{"start":{"line":54,"column":6},"end":{"line":54,"column":74}},"26":{"start":{"line":56,"column":4},"end":{"line":59,"column":5}},"27":{"start":{"line":57,"column":6},"end":{"line":57,"column":27}},"28":{"start":{"line":58,"column":6},"end":{"line":58,"column":13}},"29":{"start":{"line":61,"column":25},"end":{"line":61,"column":60}},"30":{"start":{"line":62,"column":4},"end":{"line":66,"column":5}},"31":{"start":{"line":65,"column":6},"end":{"line":65,"column":72}},"32":{"start":{"line":69,"column":2},"end":{"line":79,"column":55}},"33":{"start":{"line":70,"column":4},"end":{"line":78,"column":5}},"34":{"start":{"line":71,"column":6},"end":{"line":77,"column":42}},"35":{"start":{"line":77,"column":19},"end":{"line":77,"column":40}},"36":{"start":{"line":81,"column":2},"end":{"line":165,"column":4}}},"fnMap":{"0":{"name":"LoginForm","decl":{"start":{"line":21,"column":9},"end":{"line":21,"column":18}},"loc":{"start":{"line":21,"column":21},"end":{"line":166,"column":1}},"line":21},"1":{"name":"(anonymous_1)","decl":{"start":{"line":24,"column":33},"end":{"line":24,"column":34}},"loc":{"start":{"line":24,"column":44},"end":{"line":24,"column":61}},"line":24},"2":{"name":"(anonymous_2)","decl":{"start":{"line":25,"column":32},"end":{"line":25,"column":33}},"loc":{"start":{"line":25,"column":43},"end":{"line":25,"column":59}},"line":25},"3":{"name":"(anonymous_3)","decl":{"start":{"line":32,"column":34},"end":{"line":32,"column":35}},"loc":{"start":{"line":32,"column":45},"end":{"line":32,"column":67}},"line":32},"4":{"name":"(anonymous_4)","decl":{"start":{"line":33,"column":28},"end":{"line":33,"column":29}},"loc":{"start":{"line":33,"column":39},"end":{"line":33,"column":55}},"line":33},"5":{"name":"(anonymous_5)","decl":{"start":{"line":34,"column":29},"end":{"line":34,"column":30}},"loc":{"start":{"line":34,"column":40},"end":{"line":34,"column":57}},"line":34},"6":{"name":"(anonymous_6)","decl":{"start":{"line":36,"column":23},"end":{"line":36,"column":24}},"loc":{"start":{"line":36,"column":56},"end":{"line":39,"column":3}},"line":36},"7":{"name":"(anonymous_7)","decl":{"start":{"line":41,"column":23},"end":{"line":41,"column":24}},"loc":{"start":{"line":41,"column":40},"end":{"line":67,"column":3}},"line":41},"8":{"name":"(anonymous_8)","decl":{"start":{"line":69,"column":12},"end":{"line":69,"column":13}},"loc":{"start":{"line":69,"column":18},"end":{"line":79,"column":3}},"line":69},"9":{"name":"(anonymous_9)","decl":{"start":{"line":77,"column":13},"end":{"line":77,"column":14}},"loc":{"start":{"line":77,"column":19},"end":{"line":77,"column":40}},"line":77}},"branchMap":{"0":{"loc":{"start":{"line":51,"column":4},"end":{"line":52,"column":74}},"type":"if","locations":[{"start":{"line":51,"column":4},"end":{"line":52,"column":74}},{"start":{},"end":{}}],"line":51},"1":{"loc":{"start":{"line":53,"column":4},"end":{"line":54,"column":74}},"type":"if","locations":[{"start":{"line":53,"column":4},"end":{"line":54,"column":74}},{"start":{},"end":{}}],"line":53},"2":{"loc":{"start":{"line":56,"column":4},"end":{"line":59,"column":5}},"type":"if","locations":[{"start":{"line":56,"column":4},"end":{"line":59,"column":5}},{"start":{},"end":{}}],"line":56},"3":{"loc":{"start":{"line":62,"column":4},"end":{"line":66,"column":5}},"type":"if","locations":[{"start":{"line":62,"column":4},"end":{"line":66,"column":5}},{"start":{"line":64,"column":11},"end":{"line":66,"column":5}}],"line":62},"4":{"loc":{"start":{"line":65,"column":24},"end":{"line":65,"column":68}},"type":"binary-expr","locations":[{"start":{"line":65,"column":24},"end":{"line":65,"column":50}},{"start":{"line":65,"column":54},"end":{"line":65,"column":68}}],"line":65},"5":{"loc":{"start":{"line":70,"column":4},"end":{"line":78,"column":5}},"type":"if","locations":[{"start":{"line":70,"column":4},"end":{"line":78,"column":5}},{"start":{},"end":{}}],"line":70},"6":{"loc":{"start":{"line":70,"column":8},"end":{"line":70,"column":38}},"type":"binary-expr","locations":[{"start":{"line":70,"column":8},"end":{"line":70,"column":19}},{"start":{"line":70,"column":23},"end":{"line":70,"column":28}},{"start":{"line":70,"column":32},"end":{"line":70,"column":38}}],"line":70},"7":{"loc":{"start":{"line":110,"column":17},"end":{"line":114,"column":17}},"type":"binary-expr","locations":[{"start":{"line":110,"column":17},"end":{"line":110,"column":29}},{"start":{"line":111,"column":18},"end":{"line":113,"column":22}}],"line":110},"8":{"loc":{"start":{"line":133,"column":17},"end":{"line":137,"column":17}},"type":"binary-expr","locations":[{"start":{"line":133,"column":17},"end":{"line":133,"column":32}},{"start":{"line":134,"column":18},"end":{"line":136,"column":22}}],"line":133},"9":{"loc":{"start":{"line":144,"column":17},"end":{"line":146,"column":43}},"type":"cond-expr","locations":[{"start":{"line":145,"column":20},"end":{"line":145,"column":35}},{"start":{"line":146,"column":20},"end":{"line":146,"column":43}}],"line":144},"10":{"loc":{"start":{"line":148,"column":15},"end":{"line":150,"column":15}},"type":"binary-expr","locations":[{"start":{"line":148,"column":15},"end":{"line":148,"column":24}},{"start":{"line":149,"column":16},"end":{"line":149,"column":79}}],"line":148}},"s":{"0":0,"1":0,"2":0,"3":0,"4":0,"5":0,"6":0,"7":0,"8":0,"9":0,"10":0,"11":0,"12":0,"13":0,"14":0,"15":0,"16":0,"17":0,"18":0,"19":0,"20":0,"21":0,"22":0,"23":0,"24":0,"25":0,"26":0,"27":0,"28":0,"29":0,"30":0,"31":0,"32":0,"33":0,"34":0,"35":0,"36":0},"f":{"0":0,"1":0,"2":0,"3":0,"4":0,"5":0,"6":0,"7":0,"8":0,"9":0},"b":{"0":[0,0],"1":[0,0],"2":[0,0],"3":[0,0],"4":[0,0],"5":[0,0],"6":[0,0,0],"7":[0,0],"8":[0,0],"9":[0,0],"10":[0,0]}}
,"C:\\Users\\maxma\\OneDrive\\Documents\\GitHub\\Project-Exam-2\\src\\components\\Forms\\NumberForm.jsx": {"path":"C:\\Users\\maxma\\OneDrive\\Documents\\GitHub\\Project-Exam-2\\src\\components\\Forms\\NumberForm.jsx","statementMap":{"0":{"start":{"line":17,"column":25},"end":{"line":19,"column":3}},"1":{"start":{"line":18,"column":4},"end":{"line":18,"column":41}},"2":{"start":{"line":18,"column":21},"end":{"line":18,"column":39}},"3":{"start":{"line":21,"column":25},"end":{"line":23,"column":3}},"4":{"start":{"line":22,"column":4},"end":{"line":22,"column":49}},"5":{"start":{"line":22,"column":21},"end":{"line":22,"column":47}},"6":{"start":{"line":25,"column":23},"end":{"line":29,"column":3}},"7":{"start":{"line":26,"column":22},"end":{"line":26,"column":50}},"8":{"start":{"line":27,"column":24},"end":{"line":27,"column":67}},"9":{"start":{"line":28,"column":4},"end":{"line":28,"column":27}},"10":{"start":{"line":30,"column":2},"end":{"line":92,"column":4}}},"fnMap":{"0":{"name":"NumberForm","decl":{"start":{"line":16,"column":9},"end":{"line":16,"column":19}},"loc":{"start":{"line":16,"column":64},"end":{"line":93,"column":1}},"line":16},"1":{"name":"(anonymous_1)","decl":{"start":{"line":17,"column":25},"end":{"line":17,"column":26}},"loc":{"start":{"line":17,"column":31},"end":{"line":19,"column":3}},"line":17},"2":{"name":"(anonymous_2)","decl":{"start":{"line":18,"column":14},"end":{"line":18,"column":15}},"loc":{"start":{"line":18,"column":21},"end":{"line":18,"column":39}},"line":18},"3":{"name":"(anonymous_3)","decl":{"start":{"line":21,"column":25},"end":{"line":21,"column":26}},"loc":{"start":{"line":21,"column":31},"end":{"line":23,"column":3}},"line":21},"4":{"name":"(anonymous_4)","decl":{"start":{"line":22,"column":14},"end":{"line":22,"column":15}},"loc":{"start":{"line":22,"column":21},"end":{"line":22,"column":47}},"line":22},"5":{"name":"(anonymous_5)","decl":{"start":{"line":25,"column":23},"end":{"line":25,"column":24}},"loc":{"start":{"line":25,"column":30},"end":{"line":29,"column":3}},"line":25}},"branchMap":{},"s":{"0":0,"1":0,"2":0,"3":0,"4":0,"5":0,"6":0,"7":0,"8":0,"9":0,"10":0},"f":{"0":0,"1":0,"2":0,"3":0,"4":0,"5":0},"b":{}}
,"C:\\Users\\maxma\\OneDrive\\Documents\\GitHub\\Project-Exam-2\\src\\components\\Forms\\RegisterForm.jsx": {"path":"C:\\Users\\maxma\\OneDrive\\Documents\\GitHub\\Project-Exam-2\\src\\components\\Forms\\RegisterForm.jsx","statementMap":{"0":{"start":{"line":25,"column":19},"end":{"line":25,"column":32}},"1":{"start":{"line":26,"column":19},"end":{"line":26,"column":32}},"2":{"start":{"line":27,"column":21},"end":{"line":27,"column":62}},"3":{"start":{"line":27,"column":44},"end":{"line":27,"column":61}},"4":{"start":{"line":28,"column":20},"end":{"line":28,"column":60}},"5":{"start":{"line":28,"column":43},"end":{"line":28,"column":59}},"6":{"start":{"line":29,"column":46},"end":{"line":29,"column":61}},"7":{"start":{"line":31,"column":30},"end":{"line":35,"column":4}},"8":{"start":{"line":36,"column":30},"end":{"line":36,"column":42}},"9":{"start":{"line":38,"column":23},"end":{"line":44,"column":3}},"10":{"start":{"line":39,"column":4},"end":{"line":39,"column":44}},"11":{"start":{"line":40,"column":4},"end":{"line":42,"column":5}},"12":{"start":{"line":41,"column":6},"end":{"line":41,"column":33}},"13":{"start":{"line":43,"column":4},"end":{"line":43,"column":41}},"14":{"start":{"line":46,"column":23},"end":{"line":79,"column":3}},"15":{"start":{"line":47,"column":4},"end":{"line":47,"column":27}},"16":{"start":{"line":49,"column":38},"end":{"line":49,"column":44}},"17":{"start":{"line":51,"column":22},"end":{"line":51,"column":24}},"18":{"start":{"line":52,"column":4},"end":{"line":54,"column":70}},"19":{"start":{"line":53,"column":6},"end":{"line":54,"column":70}},"20":{"start":{"line":55,"column":4},"end":{"line":56,"column":74}},"21":{"start":{"line":56,"column":6},"end":{"line":56,"column":74}},"22":{"start":{"line":57,"column":4},"end":{"line":58,"column":74}},"23":{"start":{"line":58,"column":6},"end":{"line":58,"column":74}},"24":{"start":{"line":60,"column":4},"end":{"line":63,"column":5}},"25":{"start":{"line":61,"column":6},"end":{"line":61,"column":27}},"26":{"start":{"line":62,"column":6},"end":{"line":62,"column":13}},"27":{"start":{"line":65,"column":21},"end":{"line":70,"column":5}},"28":{"start":{"line":71,"column":25},"end":{"line":71,"column":61}},"29":{"start":{"line":72,"column":4},"end":{"line":78,"column":5}},"30":{"start":{"line":73,"column":6},"end":{"line":73,"column":29}},"31":{"start":{"line":75,"column":6},"end":{"line":77,"column":9}},"32":{"start":{"line":80,"column":2},"end":{"line":203,"column":4}}},"fnMap":{"0":{"name":"RegisterForm","decl":{"start":{"line":24,"column":9},"end":{"line":24,"column":21}},"loc":{"start":{"line":24,"column":24},"end":{"line":204,"column":1}},"line":24},"1":{"name":"(anonymous_1)","decl":{"start":{"line":27,"column":33},"end":{"line":27,"column":34}},"loc":{"start":{"line":27,"column":44},"end":{"line":27,"column":61}},"line":27},"2":{"name":"(anonymous_2)","decl":{"start":{"line":28,"column":32},"end":{"line":28,"column":33}},"loc":{"start":{"line":28,"column":43},"end":{"line":28,"column":59}},"line":28},"3":{"name":"(anonymous_3)","decl":{"start":{"line":38,"column":23},"end":{"line":38,"column":24}},"loc":{"start":{"line":38,"column":65},"end":{"line":44,"column":3}},"line":38},"4":{"name":"(anonymous_4)","decl":{"start":{"line":46,"column":23},"end":{"line":46,"column":24}},"loc":{"start":{"line":46,"column":40},"end":{"line":79,"column":3}},"line":46}},"branchMap":{"0":{"loc":{"start":{"line":40,"column":4},"end":{"line":42,"column":5}},"type":"if","locations":[{"start":{"line":40,"column":4},"end":{"line":42,"column":5}},{"start":{},"end":{}}],"line":40},"1":{"loc":{"start":{"line":52,"column":4},"end":{"line":54,"column":70}},"type":"if","locations":[{"start":{"line":52,"column":4},"end":{"line":54,"column":70}},{"start":{},"end":{}}],"line":52},"2":{"loc":{"start":{"line":55,"column":4},"end":{"line":56,"column":74}},"type":"if","locations":[{"start":{"line":55,"column":4},"end":{"line":56,"column":74}},{"start":{},"end":{}}],"line":55},"3":{"loc":{"start":{"line":57,"column":4},"end":{"line":58,"column":74}},"type":"if","locations":[{"start":{"line":57,"column":4},"end":{"line":58,"column":74}},{"start":{},"end":{}}],"line":57},"4":{"loc":{"start":{"line":60,"column":4},"end":{"line":63,"column":5}},"type":"if","locations":[{"start":{"line":60,"column":4},"end":{"line":63,"column":5}},{"start":{},"end":{}}],"line":60},"5":{"loc":{"start":{"line":72,"column":4},"end":{"line":78,"column":5}},"type":"if","locations":[{"start":{"line":72,"column":4},"end":{"line":78,"column":5}},{"start":{"line":74,"column":11},"end":{"line":78,"column":5}}],"line":72},"6":{"loc":{"start":{"line":76,"column":38},"end":{"line":76,"column":86}},"type":"binary-expr","locations":[{"start":{"line":76,"column":38},"end":{"line":76,"column":64}},{"start":{"line":76,"column":68},"end":{"line":76,"column":86}}],"line":76},"7":{"loc":{"start":{"line":108,"column":17},"end":{"line":112,"column":17}},"type":"binary-expr","locations":[{"start":{"line":108,"column":17},"end":{"line":108,"column":28}},{"start":{"line":109,"column":18},"end":{"line":111,"column":22}}],"line":108},"8":{"loc":{"start":{"line":131,"column":17},"end":{"line":135,"column":17}},"type":"binary-expr","locations":[{"start":{"line":131,"column":17},"end":{"line":131,"column":29}},{"start":{"line":132,"column":18},"end":{"line":134,"column":22}}],"line":131},"9":{"loc":{"start":{"line":153,"column":17},"end":{"line":157,"column":17}},"type":"binary-expr","locations":[{"start":{"line":153,"column":17},"end":{"line":153,"column":32}},{"start":{"line":154,"column":18},"end":{"line":156,"column":22}}],"line":153},"10":{"loc":{"start":{"line":181,"column":147},"end":{"line":181,"column":237}},"type":"cond-expr","locations":[{"start":{"line":181,"column":174},"end":{"line":181,"column":187}},{"start":{"line":181,"column":190},"end":{"line":181,"column":237}}],"line":181},"11":{"loc":{"start":{"line":183,"column":17},"end":{"line":183,"column":71}},"type":"cond-expr","locations":[{"start":{"line":183,"column":44},"end":{"line":183,"column":59}},{"start":{"line":183,"column":62},"end":{"line":183,"column":71}}],"line":183},"12":{"loc":{"start":{"line":185,"column":15},"end":{"line":187,"column":15}},"type":"binary-expr","locations":[{"start":{"line":185,"column":15},"end":{"line":185,"column":24}},{"start":{"line":186,"column":16},"end":{"line":186,"column":79}}],"line":185}},"s":{"0":0,"1":0,"2":0,"3":0,"4":0,"5":0,"6":0,"7":0,"8":0,"9":0,"10":0,"11":0,"12":0,"13":0,"14":0,"15":0,"16":0,"17":0,"18":0,"19":0,"20":0,"21":0,"22":0,"23":0,"24":0,"25":0,"26":0,"27":0,"28":0,"29":0,"30":0,"31":0,"32":0},"f":{"0":0,"1":0,"2":0,"3":0,"4":0},"b":{"0":[0,0],"1":[0,0],"2":[0,0],"3":[0,0],"4":[0,0],"5":[0,0],"6":[0,0],"7":[0,0],"8":[0,0],"9":[0,0],"10":[0,0],"11":[0,0],"12":[0,0]}}
,"C:\\Users\\maxma\\OneDrive\\Documents\\GitHub\\Project-Exam-2\\src\\components\\Forms\\SearchForm.jsx": {"path":"C:\\Users\\maxma\\OneDrive\\Documents\\GitHub\\Project-Exam-2\\src\\components\\Forms\\SearchForm.jsx","statementMap":{"0":{"start":{"line":20,"column":40},"end":{"line":20,"column":52}},"1":{"start":{"line":21,"column":31},"end":{"line":21,"column":60}},"2":{"start":{"line":23,"column":23},"end":{"line":25,"column":3}},"3":{"start":{"line":24,"column":4},"end":{"line":24,"column":35}},"4":{"start":{"line":27,"column":23},"end":{"line":30,"column":3}},"5":{"start":{"line":28,"column":4},"end":{"line":28,"column":23}},"6":{"start":{"line":29,"column":4},"end":{"line":29,"column":52}},"7":{"start":{"line":32,"column":2},"end":{"line":36,"column":39}},"8":{"start":{"line":33,"column":4},"end":{"line":35,"column":5}},"9":{"start":{"line":34,"column":6},"end":{"line":34,"column":37}},"10":{"start":{"line":38,"column":2},"end":{"line":63,"column":4}}},"fnMap":{"0":{"name":"SearchForm","decl":{"start":{"line":19,"column":9},"end":{"line":19,"column":19}},"loc":{"start":{"line":19,"column":34},"end":{"line":64,"column":1}},"line":19},"1":{"name":"(anonymous_1)","decl":{"start":{"line":23,"column":23},"end":{"line":23,"column":24}},"loc":{"start":{"line":23,"column":30},"end":{"line":25,"column":3}},"line":23},"2":{"name":"(anonymous_2)","decl":{"start":{"line":27,"column":23},"end":{"line":27,"column":24}},"loc":{"start":{"line":27,"column":30},"end":{"line":30,"column":3}},"line":27},"3":{"name":"(anonymous_3)","decl":{"start":{"line":32,"column":12},"end":{"line":32,"column":13}},"loc":{"start":{"line":32,"column":18},"end":{"line":36,"column":3}},"line":32}},"branchMap":{"0":{"loc":{"start":{"line":29,"column":13},"end":{"line":29,"column":50}},"type":"cond-expr","locations":[{"start":{"line":29,"column":34},"end":{"line":29,"column":45}},{"start":{"line":29,"column":48},"end":{"line":29,"column":50}}],"line":29},"1":{"loc":{"start":{"line":33,"column":4},"end":{"line":35,"column":5}},"type":"if","locations":[{"start":{"line":33,"column":4},"end":{"line":35,"column":5}},{"start":{},"end":{}}],"line":33}},"s":{"0":0,"1":0,"2":0,"3":0,"4":0,"5":0,"6":0,"7":0,"8":0,"9":0,"10":0},"f":{"0":0,"1":0,"2":0,"3":0},"b":{"0":[0,0],"1":[0,0]}}
,"C:\\Users\\maxma\\OneDrive\\Documents\\GitHub\\Project-Exam-2\\src\\components\\Forms\\VenuesForm.jsx": {"path":"C:\\Users\\maxma\\OneDrive\\Documents\\GitHub\\Project-Exam-2\\src\\components\\Forms\\VenuesForm.jsx","statementMap":{"0":{"start":{"line":24,"column":19},"end":{"line":24,"column":32}},"1":{"start":{"line":25,"column":28},"end":{"line":25,"column":62}},"2":{"start":{"line":25,"column":51},"end":{"line":25,"column":61}},"3":{"start":{"line":26,"column":34},"end":{"line":42,"column":4}},"4":{"start":{"line":43,"column":42},"end":{"line":43,"column":57}},"5":{"start":{"line":44,"column":50},"end":{"line":44,"column":65}},"6":{"start":{"line":45,"column":28},"end":{"line":45,"column":40}},"7":{"start":{"line":47,"column":23},"end":{"line":53,"column":3}},"8":{"start":{"line":48,"column":43},"end":{"line":48,"column":51}},"9":{"start":{"line":49,"column":4},"end":{"line":52,"column":8}},"10":{"start":{"line":49,"column":27},"end":{"line":52,"column":5}},"11":{"start":{"line":55,"column":29},"end":{"line":57,"column":3}},"12":{"start":{"line":56,"column":4},"end":{"line":56,"column":60}},"13":{"start":{"line":56,"column":27},"end":{"line":56,"column":57}},"14":{"start":{"line":59,"column":2},"end":{"line":81,"column":26}},"15":{"start":{"line":60,"column":4},"end":{"line":80,"column":5}},"16":{"start":{"line":61,"column":6},"end":{"line":79,"column":7}},"17":{"start":{"line":62,"column":8},"end":{"line":78,"column":11}},"18":{"start":{"line":83,"column":23},"end":{"line":138,"column":3}},"19":{"start":{"line":84,"column":4},"end":{"line":84,"column":23}},"20":{"start":{"line":85,"column":4},"end":{"line":85,"column":26}},"21":{"start":{"line":87,"column":26},"end":{"line":89,"column":5}},"22":{"start":{"line":88,"column":15},"end":{"line":88,"column":36}},"23":{"start":{"line":91,"column":22},"end":{"line":113,"column":5}},"24":{"start":{"line":115,"column":4},"end":{"line":137,"column":5}},"25":{"start":{"line":116,"column":6},"end":{"line":126,"column":7}},"26":{"start":{"line":117,"column":8},"end":{"line":119,"column":10}},"27":{"start":{"line":120,"column":8},"end":{"line":120,"column":34}},"28":{"start":{"line":121,"column":8},"end":{"line":121,"column":21}},"29":{"start":{"line":123,"column":8},"end":{"line":123,"column":61}},"30":{"start":{"line":125,"column":8},"end":{"line":125,"column":31}},"31":{"start":{"line":128,"column":6},"end":{"line":136,"column":7}},"32":{"start":{"line":129,"column":8},"end":{"line":129,"column":66}},"33":{"start":{"line":130,"column":8},"end":{"line":130,"column":34}},"34":{"start":{"line":131,"column":8},"end":{"line":131,"column":21}},"35":{"start":{"line":133,"column":8},"end":{"line":133,"column":61}},"36":{"start":{"line":135,"column":8},"end":{"line":135,"column":31}},"37":{"start":{"line":140,"column":27},"end":{"line":142,"column":3}},"38":{"start":{"line":141,"column":4},"end":{"line":141,"column":31}},"39":{"start":{"line":144,"column":2},"end":{"line":452,"column":4}}},"fnMap":{"0":{"name":"VenuesForm","decl":{"start":{"line":23,"column":9},"end":{"line":23,"column":19}},"loc":{"start":{"line":23,"column":43},"end":{"line":453,"column":1}},"line":23},"1":{"name":"(anonymous_1)","decl":{"start":{"line":25,"column":40},"end":{"line":25,"column":41}},"loc":{"start":{"line":25,"column":51},"end":{"line":25,"column":61}},"line":25},"2":{"name":"(anonymous_2)","decl":{"start":{"line":47,"column":23},"end":{"line":47,"column":24}},"loc":{"start":{"line":47,"column":30},"end":{"line":53,"column":3}},"line":47},"3":{"name":"(anonymous_3)","decl":{"start":{"line":49,"column":16},"end":{"line":49,"column":17}},"loc":{"start":{"line":49,"column":27},"end":{"line":52,"column":5}},"line":49},"4":{"name":"(anonymous_4)","decl":{"start":{"line":55,"column":29},"end":{"line":55,"column":30}},"loc":{"start":{"line":55,"column":44},"end":{"line":57,"column":3}},"line":55},"5":{"name":"(anonymous_5)","decl":{"start":{"line":56,"column":16},"end":{"line":56,"column":17}},"loc":{"start":{"line":56,"column":27},"end":{"line":56,"column":57}},"line":56},"6":{"name":"(anonymous_6)","decl":{"start":{"line":59,"column":12},"end":{"line":59,"column":13}},"loc":{"start":{"line":59,"column":18},"end":{"line":81,"column":3}},"line":59},"7":{"name":"(anonymous_7)","decl":{"start":{"line":83,"column":23},"end":{"line":83,"column":24}},"loc":{"start":{"line":83,"column":36},"end":{"line":138,"column":3}},"line":83},"8":{"name":"(anonymous_8)","decl":{"start":{"line":88,"column":6},"end":{"line":88,"column":7}},"loc":{"start":{"line":88,"column":15},"end":{"line":88,"column":36}},"line":88},"9":{"name":"(anonymous_9)","decl":{"start":{"line":140,"column":27},"end":{"line":140,"column":28}},"loc":{"start":{"line":140,"column":33},"end":{"line":142,"column":3}},"line":140}},"branchMap":{"0":{"loc":{"start":{"line":51,"column":14},"end":{"line":51,"column":51}},"type":"cond-expr","locations":[{"start":{"line":51,"column":36},"end":{"line":51,"column":43}},{"start":{"line":51,"column":46},"end":{"line":51,"column":51}}],"line":51},"1":{"loc":{"start":{"line":60,"column":4},"end":{"line":80,"column":5}},"type":"if","locations":[{"start":{"line":60,"column":4},"end":{"line":80,"column":5}},{"start":{},"end":{}}],"line":60},"2":{"loc":{"start":{"line":60,"column":8},"end":{"line":60,"column":38}},"type":"binary-expr","locations":[{"start":{"line":60,"column":8},"end":{"line":60,"column":23}},{"start":{"line":60,"column":27},"end":{"line":60,"column":38}}],"line":60},"3":{"loc":{"start":{"line":61,"column":6},"end":{"line":79,"column":7}},"type":"if","locations":[{"start":{"line":61,"column":6},"end":{"line":79,"column":7}},{"start":{},"end":{}}],"line":61},"4":{"loc":{"start":{"line":61,"column":10},"end":{"line":61,"column":71}},"type":"binary-expr","locations":[{"start":{"line":61,"column":10},"end":{"line":61,"column":30}},{"start":{"line":61,"column":34},"end":{"line":61,"column":50}},{"start":{"line":61,"column":54},"end":{"line":61,"column":71}}],"line":61},"5":{"loc":{"start":{"line":63,"column":16},"end":{"line":63,"column":38}},"type":"binary-expr","locations":[{"start":{"line":63,"column":16},"end":{"line":63,"column":32}},{"start":{"line":63,"column":36},"end":{"line":63,"column":38}}],"line":63},"6":{"loc":{"start":{"line":64,"column":23},"end":{"line":64,"column":52}},"type":"binary-expr","locations":[{"start":{"line":64,"column":23},"end":{"line":64,"column":46}},{"start":{"line":64,"column":50},"end":{"line":64,"column":52}}],"line":64},"7":{"loc":{"start":{"line":65,"column":19},"end":{"line":65,"column":53}},"type":"binary-expr","locations":[{"start":{"line":65,"column":19},"end":{"line":65,"column":47}},{"start":{"line":65,"column":51},"end":{"line":65,"column":53}}],"line":65},"8":{"loc":{"start":{"line":66,"column":16},"end":{"line":66,"column":47}},"type":"binary-expr","locations":[{"start":{"line":66,"column":16},"end":{"line":66,"column":41}},{"start":{"line":66,"column":45},"end":{"line":66,"column":47}}],"line":66},"9":{"loc":{"start":{"line":67,"column":15},"end":{"line":67,"column":45}},"type":"binary-expr","locations":[{"start":{"line":67,"column":15},"end":{"line":67,"column":39}},{"start":{"line":67,"column":43},"end":{"line":67,"column":45}}],"line":67},"10":{"loc":{"start":{"line":68,"column":19},"end":{"line":68,"column":53}},"type":"binary-expr","locations":[{"start":{"line":68,"column":19},"end":{"line":68,"column":47}},{"start":{"line":68,"column":51},"end":{"line":68,"column":53}}],"line":68},"11":{"loc":{"start":{"line":69,"column":21},"end":{"line":69,"column":57}},"type":"binary-expr","locations":[{"start":{"line":69,"column":21},"end":{"line":69,"column":51}},{"start":{"line":69,"column":55},"end":{"line":69,"column":57}}],"line":69},"12":{"loc":{"start":{"line":77,"column":18},"end":{"line":77,"column":61}},"type":"binary-expr","locations":[{"start":{"line":77,"column":18},"end":{"line":77,"column":35}},{"start":{"line":77,"column":39},"end":{"line":77,"column":61}}],"line":77},"13":{"loc":{"start":{"line":97,"column":14},"end":{"line":97,"column":61}},"type":"cond-expr","locations":[{"start":{"line":97,"column":32},"end":{"line":97,"column":57}},{"start":{"line":97,"column":60},"end":{"line":97,"column":61}}],"line":97},"14":{"loc":{"start":{"line":110,"column":13},"end":{"line":110,"column":30}},"type":"binary-expr","locations":[{"start":{"line":110,"column":13},"end":{"line":110,"column":25}},{"start":{"line":110,"column":29},"end":{"line":110,"column":30}}],"line":110},"15":{"loc":{"start":{"line":111,"column":13},"end":{"line":111,"column":30}},"type":"binary-expr","locations":[{"start":{"line":111,"column":13},"end":{"line":111,"column":25}},{"start":{"line":111,"column":29},"end":{"line":111,"column":30}}],"line":111},"16":{"loc":{"start":{"line":115,"column":4},"end":{"line":137,"column":5}},"type":"if","locations":[{"start":{"line":115,"column":4},"end":{"line":137,"column":5}},{"start":{"line":127,"column":11},"end":{"line":137,"column":5}}],"line":115},"17":{"loc":{"start":{"line":148,"column":11},"end":{"line":148,"column":60}},"type":"cond-expr","locations":[{"start":{"line":148,"column":29},"end":{"line":148,"column":43}},{"start":{"line":148,"column":46},"end":{"line":148,"column":60}}],"line":148},"18":{"loc":{"start":{"line":438,"column":15},"end":{"line":444,"column":34}},"type":"cond-expr","locations":[{"start":{"line":439,"column":18},"end":{"line":441,"column":33}},{"start":{"line":442,"column":18},"end":{"line":444,"column":34}}],"line":438},"19":{"loc":{"start":{"line":439,"column":18},"end":{"line":441,"column":33}},"type":"cond-expr","locations":[{"start":{"line":440,"column":20},"end":{"line":440,"column":33}},{"start":{"line":441,"column":20},"end":{"line":441,"column":33}}],"line":439},"20":{"loc":{"start":{"line":442,"column":18},"end":{"line":444,"column":34}},"type":"cond-expr","locations":[{"start":{"line":443,"column":20},"end":{"line":443,"column":34}},{"start":{"line":444,"column":20},"end":{"line":444,"column":34}}],"line":442},"21":{"loc":{"start":{"line":446,"column":13},"end":{"line":446,"column":65}},"type":"binary-expr","locations":[{"start":{"line":446,"column":13},"end":{"line":446,"column":18}},{"start":{"line":446,"column":22},"end":{"line":446,"column":65}}],"line":446}},"s":{"0":0,"1":0,"2":0,"3":0,"4":0,"5":0,"6":0,"7":0,"8":0,"9":0,"10":0,"11":0,"12":0,"13":0,"14":0,"15":0,"16":0,"17":0,"18":0,"19":0,"20":0,"21":0,"22":0,"23":0,"24":0,"25":0,"26":0,"27":0,"28":0,"29":0,"30":0,"31":0,"32":0,"33":0,"34":0,"35":0,"36":0,"37":0,"38":0,"39":0},"f":{"0":0,"1":0,"2":0,"3":0,"4":0,"5":0,"6":0,"7":0,"8":0,"9":0},"b":{"0":[0,0],"1":[0,0],"2":[0,0],"3":[0,0],"4":[0,0,0],"5":[0,0],"6":[0,0],"7":[0,0],"8":[0,0],"9":[0,0],"10":[0,0],"11":[0,0],"12":[0,0],"13":[0,0],"14":[0,0],"15":[0,0],"16":[0,0],"17":[0,0],"18":[0,0],"19":[0,0],"20":[0,0],"21":[0,0]}}
,"C:\\Users\\maxma\\OneDrive\\Documents\\GitHub\\Project-Exam-2\\src\\components\\Header\\Header.jsx": {"path":"C:\\Users\\maxma\\OneDrive\\Documents\\GitHub\\Project-Exam-2\\src\\components\\Header\\Header.jsx","statementMap":{"0":{"start":{"line":39,"column":19},"end":{"line":39,"column":32}},"1":{"start":{"line":40,"column":19},"end":{"line":40,"column":32}},"2":{"start":{"line":41,"column":22},"end":{"line":41,"column":68}},"3":{"start":{"line":41,"column":45},"end":{"line":41,"column":67}},"4":{"start":{"line":42,"column":18},"end":{"line":42,"column":63}},"5":{"start":{"line":42,"column":41},"end":{"line":42,"column":62}},"6":{"start":{"line":43,"column":21},"end":{"line":43,"column":41}},"7":{"start":{"line":45,"column":42},"end":{"line":45,"column":57}},"8":{"start":{"line":47,"column":23},"end":{"line":50,"column":3}},"9":{"start":{"line":48,"column":4},"end":{"line":48,"column":27}},"10":{"start":{"line":49,"column":4},"end":{"line":49,"column":26}},"11":{"start":{"line":52,"column":25},"end":{"line":55,"column":3}},"12":{"start":{"line":53,"column":4},"end":{"line":53,"column":27}},"13":{"start":{"line":54,"column":4},"end":{"line":54,"column":30}},"14":{"start":{"line":57,"column":25},"end":{"line":60,"column":3}},"15":{"start":{"line":58,"column":4},"end":{"line":58,"column":27}},"16":{"start":{"line":59,"column":4},"end":{"line":59,"column":30}},"17":{"start":{"line":62,"column":24},"end":{"line":65,"column":3}},"18":{"start":{"line":63,"column":4},"end":{"line":63,"column":27}},"19":{"start":{"line":64,"column":4},"end":{"line":64,"column":29}},"20":{"start":{"line":67,"column":2},"end":{"line":82,"column":21}},"21":{"start":{"line":68,"column":26},"end":{"line":75,"column":5}},"22":{"start":{"line":69,"column":6},"end":{"line":74,"column":7}},"23":{"start":{"line":73,"column":8},"end":{"line":73,"column":31}},"24":{"start":{"line":76,"column":4},"end":{"line":78,"column":5}},"25":{"start":{"line":77,"column":6},"end":{"line":77,"column":56}},"26":{"start":{"line":79,"column":4},"end":{"line":81,"column":6}},"27":{"start":{"line":80,"column":6},"end":{"line":80,"column":59}},"28":{"start":{"line":84,"column":38},"end":{"line":84,"column":53}},"29":{"start":{"line":86,"column":2},"end":{"line":96,"column":9}},"30":{"start":{"line":87,"column":25},"end":{"line":89,"column":5}},"31":{"start":{"line":88,"column":6},"end":{"line":88,"column":40}},"32":{"start":{"line":91,"column":4},"end":{"line":91,"column":52}},"33":{"start":{"line":93,"column":4},"end":{"line":95,"column":6}},"34":{"start":{"line":94,"column":6},"end":{"line":94,"column":57}},"35":{"start":{"line":97,"column":2},"end":{"line":271,"column":4}},"36":{"start":{"line":120,"column":33},"end":{"line":120,"column":63}},"37":{"start":{"line":241,"column":18},"end":{"line":241,"column":305}},"38":{"start":{"line":251,"column":18},"end":{"line":251,"column":305}},"39":{"start":{"line":261,"column":18},"end":{"line":261,"column":305}}},"fnMap":{"0":{"name":"Header","decl":{"start":{"line":38,"column":9},"end":{"line":38,"column":15}},"loc":{"start":{"line":38,"column":18},"end":{"line":272,"column":1}},"line":38},"1":{"name":"(anonymous_1)","decl":{"start":{"line":41,"column":34},"end":{"line":41,"column":35}},"loc":{"start":{"line":41,"column":45},"end":{"line":41,"column":67}},"line":41},"2":{"name":"(anonymous_2)","decl":{"start":{"line":42,"column":30},"end":{"line":42,"column":31}},"loc":{"start":{"line":42,"column":41},"end":{"line":42,"column":62}},"line":42},"3":{"name":"(anonymous_3)","decl":{"start":{"line":47,"column":23},"end":{"line":47,"column":24}},"loc":{"start":{"line":47,"column":29},"end":{"line":50,"column":3}},"line":47},"4":{"name":"(anonymous_4)","decl":{"start":{"line":52,"column":25},"end":{"line":52,"column":26}},"loc":{"start":{"line":52,"column":31},"end":{"line":55,"column":3}},"line":52},"5":{"name":"(anonymous_5)","decl":{"start":{"line":57,"column":25},"end":{"line":57,"column":26}},"loc":{"start":{"line":57,"column":31},"end":{"line":60,"column":3}},"line":57},"6":{"name":"(anonymous_6)","decl":{"start":{"line":62,"column":24},"end":{"line":62,"column":25}},"loc":{"start":{"line":62,"column":30},"end":{"line":65,"column":3}},"line":62},"7":{"name":"(anonymous_7)","decl":{"start":{"line":67,"column":12},"end":{"line":67,"column":13}},"loc":{"start":{"line":67,"column":18},"end":{"line":82,"column":3}},"line":67},"8":{"name":"(anonymous_8)","decl":{"start":{"line":68,"column":26},"end":{"line":68,"column":27}},"loc":{"start":{"line":68,"column":37},"end":{"line":75,"column":5}},"line":68},"9":{"name":"(anonymous_9)","decl":{"start":{"line":79,"column":11},"end":{"line":79,"column":12}},"loc":{"start":{"line":79,"column":17},"end":{"line":81,"column":5}},"line":79},"10":{"name":"(anonymous_10)","decl":{"start":{"line":86,"column":12},"end":{"line":86,"column":13}},"loc":{"start":{"line":86,"column":18},"end":{"line":96,"column":3}},"line":86},"11":{"name":"(anonymous_11)","decl":{"start":{"line":87,"column":25},"end":{"line":87,"column":26}},"loc":{"start":{"line":87,"column":31},"end":{"line":89,"column":5}},"line":87},"12":{"name":"(anonymous_12)","decl":{"start":{"line":93,"column":11},"end":{"line":93,"column":12}},"loc":{"start":{"line":93,"column":17},"end":{"line":95,"column":5}},"line":93},"13":{"name":"(anonymous_13)","decl":{"start":{"line":120,"column":27},"end":{"line":120,"column":28}},"loc":{"start":{"line":120,"column":33},"end":{"line":120,"column":63}},"line":120},"14":{"name":"(anonymous_14)","decl":{"start":{"line":240,"column":27},"end":{"line":240,"column":28}},"loc":{"start":{"line":241,"column":18},"end":{"line":241,"column":305}},"line":241},"15":{"name":"(anonymous_15)","decl":{"start":{"line":250,"column":27},"end":{"line":250,"column":28}},"loc":{"start":{"line":251,"column":18},"end":{"line":251,"column":305}},"line":251},"16":{"name":"(anonymous_16)","decl":{"start":{"line":260,"column":27},"end":{"line":260,"column":28}},"loc":{"start":{"line":261,"column":18},"end":{"line":261,"column":305}},"line":261}},"branchMap":{"0":{"loc":{"start":{"line":69,"column":6},"end":{"line":74,"column":7}},"type":"if","locations":[{"start":{"line":69,"column":6},"end":{"line":74,"column":7}},{"start":{},"end":{}}],"line":69},"1":{"loc":{"start":{"line":70,"column":8},"end":{"line":71,"column":47}},"type":"binary-expr","locations":[{"start":{"line":70,"column":8},"end":{"line":70,"column":50}},{"start":{"line":71,"column":8},"end":{"line":71,"column":47}}],"line":70},"2":{"loc":{"start":{"line":76,"column":4},"end":{"line":78,"column":5}},"type":"if","locations":[{"start":{"line":76,"column":4},"end":{"line":78,"column":5}},{"start":{},"end":{}}],"line":76},"3":{"loc":{"start":{"line":99,"column":150},"end":{"line":99,"column":226}},"type":"cond-expr","locations":[{"start":{"line":99,"column":163},"end":{"line":99,"column":193}},{"start":{"line":99,"column":196},"end":{"line":99,"column":226}}],"line":99},"4":{"loc":{"start":{"line":112,"column":11},"end":{"line":206,"column":11}},"type":"cond-expr","locations":[{"start":{"line":113,"column":12},"end":{"line":198,"column":15}},{"start":{"line":200,"column":12},"end":{"line":205,"column":19}}],"line":112},"5":{"loc":{"start":{"line":126,"column":22},"end":{"line":128,"column":40}},"type":"cond-expr","locations":[{"start":{"line":127,"column":26},"end":{"line":127,"column":48}},{"start":{"line":128,"column":26},"end":{"line":128,"column":40}}],"line":126},"6":{"loc":{"start":{"line":131,"column":22},"end":{"line":133,"column":39}},"type":"cond-expr","locations":[{"start":{"line":132,"column":26},"end":{"line":132,"column":48}},{"start":{"line":133,"column":26},"end":{"line":133,"column":39}}],"line":131},"7":{"loc":{"start":{"line":138,"column":15},"end":{"line":197,"column":15}},"type":"binary-expr","locations":[{"start":{"line":138,"column":15},"end":{"line":138,"column":27}},{"start":{"line":139,"column":16},"end":{"line":196,"column":22}}],"line":138},"8":{"loc":{"start":{"line":147,"column":21},"end":{"line":151,"column":21}},"type":"binary-expr","locations":[{"start":{"line":147,"column":21},"end":{"line":147,"column":28}},{"start":{"line":147,"column":32},"end":{"line":147,"column":52}},{"start":{"line":148,"column":22},"end":{"line":150,"column":29}}],"line":147},"9":{"loc":{"start":{"line":166,"column":21},"end":{"line":176,"column":21}},"type":"binary-expr","locations":[{"start":{"line":166,"column":21},"end":{"line":166,"column":28}},{"start":{"line":166,"column":32},"end":{"line":166,"column":52}},{"start":{"line":167,"column":22},"end":{"line":175,"column":27}}],"line":166},"10":{"loc":{"start":{"line":241,"column":110},"end":{"line":241,"column":302}},"type":"cond-expr","locations":[{"start":{"line":241,"column":121},"end":{"line":241,"column":252}},{"start":{"line":241,"column":255},"end":{"line":241,"column":302}}],"line":241},"11":{"loc":{"start":{"line":251,"column":110},"end":{"line":251,"column":302}},"type":"cond-expr","locations":[{"start":{"line":251,"column":121},"end":{"line":251,"column":252}},{"start":{"line":251,"column":255},"end":{"line":251,"column":302}}],"line":251},"12":{"loc":{"start":{"line":261,"column":110},"end":{"line":261,"column":302}},"type":"cond-expr","locations":[{"start":{"line":261,"column":121},"end":{"line":261,"column":252}},{"start":{"line":261,"column":255},"end":{"line":261,"column":302}}],"line":261}},"s":{"0":0,"1":0,"2":0,"3":0,"4":0,"5":0,"6":0,"7":0,"8":0,"9":0,"10":0,"11":0,"12":0,"13":0,"14":0,"15":0,"16":0,"17":0,"18":0,"19":0,"20":0,"21":0,"22":0,"23":0,"24":0,"25":0,"26":0,"27":0,"28":0,"29":0,"30":0,"31":0,"32":0,"33":0,"34":0,"35":0,"36":0,"37":0,"38":0,"39":0},"f":{"0":0,"1":0,"2":0,"3":0,"4":0,"5":0,"6":0,"7":0,"8":0,"9":0,"10":0,"11":0,"12":0,"13":0,"14":0,"15":0,"16":0},"b":{"0":[0,0],"1":[0,0],"2":[0,0],"3":[0,0],"4":[0,0],"5":[0,0],"6":[0,0],"7":[0,0],"8":[0,0,0],"9":[0,0,0],"10":[0,0],"11":[0,0],"12":[0,0]}}
,"C:\\Users\\maxma\\OneDrive\\Documents\\GitHub\\Project-Exam-2\\src\\components\\Hero\\Hero.jsx": {"path":"C:\\Users\\maxma\\OneDrive\\Documents\\GitHub\\Project-Exam-2\\src\\components\\Hero\\Hero.jsx","statementMap":{"0":{"start":{"line":19,"column":21},"end":{"line":19,"column":69}},"1":{"start":{"line":19,"column":44},"end":{"line":19,"column":68}},"2":{"start":{"line":20,"column":2},"end":{"line":33,"column":4}}},"fnMap":{"0":{"name":"Hero","decl":{"start":{"line":18,"column":9},"end":{"line":18,"column":13}},"loc":{"start":{"line":18,"column":28},"end":{"line":34,"column":1}},"line":18},"1":{"name":"(anonymous_1)","decl":{"start":{"line":19,"column":33},"end":{"line":19,"column":34}},"loc":{"start":{"line":19,"column":44},"end":{"line":19,"column":68}},"line":19}},"branchMap":{},"s":{"0":0,"1":0,"2":0},"f":{"0":0,"1":0},"b":{}}
,"C:\\Users\\maxma\\OneDrive\\Documents\\GitHub\\Project-Exam-2\\src\\components\\Layout\\Layout.jsx": {"path":"C:\\Users\\maxma\\OneDrive\\Documents\\GitHub\\Project-Exam-2\\src\\components\\Layout\\Layout.jsx","statementMap":{"0":{"start":{"line":22,"column":2},"end":{"line":30,"column":4}}},"fnMap":{"0":{"name":"Layout","decl":{"start":{"line":21,"column":9},"end":{"line":21,"column":15}},"loc":{"start":{"line":21,"column":18},"end":{"line":31,"column":1}},"line":21}},"branchMap":{},"s":{"0":0},"f":{"0":0},"b":{}}
,"C:\\Users\\maxma\\OneDrive\\Documents\\GitHub\\Project-Exam-2\\src\\components\\Modal\\BookingConfirmation.jsx": {"path":"C:\\Users\\maxma\\OneDrive\\Documents\\GitHub\\Project-Exam-2\\src\\components\\Modal\\BookingConfirmation.jsx","statementMap":{"0":{"start":{"line":18,"column":19},"end":{"line":18,"column":32}},"1":{"start":{"line":19,"column":2},"end":{"line":63,"column":4}},"2":{"start":{"line":55,"column":27},"end":{"line":55,"column":52}}},"fnMap":{"0":{"name":"BookingConfirmation","decl":{"start":{"line":17,"column":9},"end":{"line":17,"column":28}},"loc":{"start":{"line":17,"column":42},"end":{"line":64,"column":1}},"line":17},"1":{"name":"(anonymous_1)","decl":{"start":{"line":55,"column":21},"end":{"line":55,"column":22}},"loc":{"start":{"line":55,"column":27},"end":{"line":55,"column":52}},"line":55}},"branchMap":{},"s":{"0":0,"1":0,"2":0},"f":{"0":0,"1":0},"b":{}}
,"C:\\Users\\maxma\\OneDrive\\Documents\\GitHub\\Project-Exam-2\\src\\components\\Modal\\BookingError.jsx": {"path":"C:\\Users\\maxma\\OneDrive\\Documents\\GitHub\\Project-Exam-2\\src\\components\\Modal\\BookingError.jsx","statementMap":{"0":{"start":{"line":13,"column":2},"end":{"line":57,"column":4}}},"fnMap":{"0":{"name":"BookingError","decl":{"start":{"line":12,"column":9},"end":{"line":12,"column":21}},"loc":{"start":{"line":12,"column":35},"end":{"line":58,"column":1}},"line":12}},"branchMap":{},"s":{"0":0},"f":{"0":0},"b":{}}
,"C:\\Users\\maxma\\OneDrive\\Documents\\GitHub\\Project-Exam-2\\src\\components\\Modal\\ContactConfirmation.jsx": {"path":"C:\\Users\\maxma\\OneDrive\\Documents\\GitHub\\Project-Exam-2\\src\\components\\Modal\\ContactConfirmation.jsx","statementMap":{"0":{"start":{"line":18,"column":19},"end":{"line":18,"column":32}},"1":{"start":{"line":19,"column":2},"end":{"line":63,"column":4}},"2":{"start":{"line":55,"column":27},"end":{"line":55,"column":48}}},"fnMap":{"0":{"name":"ContactConfirmation","decl":{"start":{"line":17,"column":9},"end":{"line":17,"column":28}},"loc":{"start":{"line":17,"column":42},"end":{"line":64,"column":1}},"line":17},"1":{"name":"(anonymous_1)","decl":{"start":{"line":55,"column":21},"end":{"line":55,"column":22}},"loc":{"start":{"line":55,"column":27},"end":{"line":55,"column":48}},"line":55}},"branchMap":{},"s":{"0":0,"1":0,"2":0},"f":{"0":0,"1":0},"b":{}}
,"C:\\Users\\maxma\\OneDrive\\Documents\\GitHub\\Project-Exam-2\\src\\components\\Modal\\DeleteModal.jsx": {"path":"C:\\Users\\maxma\\OneDrive\\Documents\\GitHub\\Project-Exam-2\\src\\components\\Modal\\DeleteModal.jsx","statementMap":{"0":{"start":{"line":14,"column":2},"end":{"line":77,"column":4}}},"fnMap":{"0":{"name":"DeleteModal","decl":{"start":{"line":13,"column":9},"end":{"line":13,"column":20}},"loc":{"start":{"line":13,"column":54},"end":{"line":78,"column":1}},"line":13}},"branchMap":{},"s":{"0":0},"f":{"0":0},"b":{}}
,"C:\\Users\\maxma\\OneDrive\\Documents\\GitHub\\Project-Exam-2\\src\\components\\Modal\\ImageModal.jsx": {"path":"C:\\Users\\maxma\\OneDrive\\Documents\\GitHub\\Project-Exam-2\\src\\components\\Modal\\ImageModal.jsx","statementMap":{"0":{"start":{"line":18,"column":19},"end":{"line":24,"column":3}},"1":{"start":{"line":26,"column":2},"end":{"line":26,"column":27}},"2":{"start":{"line":26,"column":15},"end":{"line":26,"column":27}},"3":{"start":{"line":28,"column":2},"end":{"line":81,"column":4}},"4":{"start":{"line":59,"column":22},"end":{"line":65,"column":28}}},"fnMap":{"0":{"name":"ImageModal","decl":{"start":{"line":17,"column":9},"end":{"line":17,"column":19}},"loc":{"start":{"line":17,"column":49},"end":{"line":82,"column":1}},"line":17},"1":{"name":"(anonymous_1)","decl":{"start":{"line":58,"column":32},"end":{"line":58,"column":33}},"loc":{"start":{"line":59,"column":22},"end":{"line":65,"column":28}},"line":59}},"branchMap":{"0":{"loc":{"start":{"line":26,"column":2},"end":{"line":26,"column":27}},"type":"if","locations":[{"start":{"line":26,"column":2},"end":{"line":26,"column":27}},{"start":{},"end":{}}],"line":26},"1":{"loc":{"start":{"line":56,"column":17},"end":{"line":74,"column":17}},"type":"cond-expr","locations":[{"start":{"line":57,"column":18},"end":{"line":67,"column":27}},{"start":{"line":69,"column":18},"end":{"line":73,"column":20}}],"line":56},"2":{"loc":{"start":{"line":63,"column":31},"end":{"line":63,"column":55}},"type":"binary-expr","locations":[{"start":{"line":63,"column":31},"end":{"line":63,"column":38}},{"start":{"line":63,"column":42},"end":{"line":63,"column":55}}],"line":63},"3":{"loc":{"start":{"line":71,"column":25},"end":{"line":71,"column":55}},"type":"binary-expr","locations":[{"start":{"line":71,"column":25},"end":{"line":71,"column":38}},{"start":{"line":71,"column":42},"end":{"line":71,"column":55}}],"line":71}},"s":{"0":0,"1":0,"2":0,"3":0,"4":0},"f":{"0":0,"1":0},"b":{"0":[0,0],"1":[0,0],"2":[0,0],"3":[0,0]}}
,"C:\\Users\\maxma\\OneDrive\\Documents\\GitHub\\Project-Exam-2\\src\\components\\Modal\\VenueConfirmation.jsx": {"path":"C:\\Users\\maxma\\OneDrive\\Documents\\GitHub\\Project-Exam-2\\src\\components\\Modal\\VenueConfirmation.jsx","statementMap":{"0":{"start":{"line":16,"column":19},"end":{"line":16,"column":32}},"1":{"start":{"line":17,"column":2},"end":{"line":17,"column":27}},"2":{"start":{"line":17,"column":15},"end":{"line":17,"column":27}},"3":{"start":{"line":18,"column":2},"end":{"line":62,"column":4}},"4":{"start":{"line":54,"column":27},"end":{"line":54,"column":48}}},"fnMap":{"0":{"name":"VenueConfirmation","decl":{"start":{"line":15,"column":9},"end":{"line":15,"column":26}},"loc":{"start":{"line":15,"column":48},"end":{"line":63,"column":1}},"line":15},"1":{"name":"(anonymous_1)","decl":{"start":{"line":54,"column":21},"end":{"line":54,"column":22}},"loc":{"start":{"line":54,"column":27},"end":{"line":54,"column":48}},"line":54}},"branchMap":{"0":{"loc":{"start":{"line":17,"column":2},"end":{"line":17,"column":27}},"type":"if","locations":[{"start":{"line":17,"column":2},"end":{"line":17,"column":27}},{"start":{},"end":{}}],"line":17}},"s":{"0":0,"1":0,"2":0,"3":0,"4":0},"f":{"0":0,"1":0},"b":{"0":[0,0]}}
,"C:\\Users\\maxma\\OneDrive\\Documents\\GitHub\\Project-Exam-2\\src\\components\\Rating\\Rating.jsx": {"path":"C:\\Users\\maxma\\OneDrive\\Documents\\GitHub\\Project-Exam-2\\src\\components\\Rating\\Rating.jsx","statementMap":{"0":{"start":{"line":13,"column":2},"end":{"line":27,"column":4}},"1":{"start":{"line":16,"column":8},"end":{"line":24,"column":14}}},"fnMap":{"0":{"name":"Rating","decl":{"start":{"line":12,"column":9},"end":{"line":12,"column":15}},"loc":{"start":{"line":12,"column":39},"end":{"line":28,"column":1}},"line":12},"1":{"name":"(anonymous_1)","decl":{"start":{"line":15,"column":40},"end":{"line":15,"column":41}},"loc":{"start":{"line":16,"column":8},"end":{"line":24,"column":14}},"line":16}},"branchMap":{"0":{"loc":{"start":{"line":18,"column":32},"end":{"line":18,"column":95}},"type":"cond-expr","locations":[{"start":{"line":18,"column":49},"end":{"line":18,"column":68}},{"start":{"line":18,"column":71},"end":{"line":18,"column":95}}],"line":18}},"s":{"0":0,"1":0},"f":{"0":0,"1":0},"b":{"0":[0,0]}}
,"C:\\Users\\maxma\\OneDrive\\Documents\\GitHub\\Project-Exam-2\\src\\components\\Routes\\Routes.jsx": {"path":"C:\\Users\\maxma\\OneDrive\\Documents\\GitHub\\Project-Exam-2\\src\\components\\Routes\\Routes.jsx","statementMap":{"0":{"start":{"line":38,"column":2},"end":{"line":52,"column":4}}},"fnMap":{"0":{"name":"AppRoutes","decl":{"start":{"line":37,"column":9},"end":{"line":37,"column":18}},"loc":{"start":{"line":37,"column":21},"end":{"line":53,"column":1}},"line":37}},"branchMap":{},"s":{"0":0},"f":{"0":0},"b":{}}
,"C:\\Users\\maxma\\OneDrive\\Documents\\GitHub\\Project-Exam-2\\src\\components\\Settings\\SettingsProfile.jsx": {"path":"C:\\Users\\maxma\\OneDrive\\Documents\\GitHub\\Project-Exam-2\\src\\components\\Settings\\SettingsProfile.jsx","statementMap":{"0":{"start":{"line":24,"column":19},"end":{"line":24,"column":32}},"1":{"start":{"line":25,"column":20},"end":{"line":25,"column":67}},"2":{"start":{"line":25,"column":43},"end":{"line":25,"column":66}},"3":{"start":{"line":26,"column":22},"end":{"line":26,"column":68}},"4":{"start":{"line":26,"column":45},"end":{"line":26,"column":67}},"5":{"start":{"line":27,"column":16},"end":{"line":27,"column":56}},"6":{"start":{"line":27,"column":39},"end":{"line":27,"column":55}},"7":{"start":{"line":28,"column":17},"end":{"line":28,"column":58}},"8":{"start":{"line":28,"column":40},"end":{"line":28,"column":57}},"9":{"start":{"line":29,"column":40},"end":{"line":29,"column":55}},"10":{"start":{"line":30,"column":36},"end":{"line":32,"column":3}},"11":{"start":{"line":33,"column":16},"end":{"line":33,"column":59}},"12":{"start":{"line":33,"column":39},"end":{"line":33,"column":58}},"13":{"start":{"line":35,"column":28},"end":{"line":40,"column":3}},"14":{"start":{"line":36,"column":4},"end":{"line":36,"column":33}},"15":{"start":{"line":37,"column":4},"end":{"line":39,"column":5}},"16":{"start":{"line":38,"column":6},"end":{"line":38,"column":69}},"17":{"start":{"line":42,"column":23},"end":{"line":63,"column":3}},"18":{"start":{"line":43,"column":4},"end":{"line":43,"column":27}},"19":{"start":{"line":45,"column":27},"end":{"line":45,"column":58}},"20":{"start":{"line":47,"column":19},"end":{"line":54,"column":5}},"21":{"start":{"line":56,"column":4},"end":{"line":60,"column":5}},"22":{"start":{"line":57,"column":6},"end":{"line":59,"column":8}},"23":{"start":{"line":62,"column":4},"end":{"line":62,"column":26}},"24":{"start":{"line":65,"column":32},"end":{"line":67,"column":3}},"25":{"start":{"line":66,"column":4},"end":{"line":66,"column":37}},"26":{"start":{"line":69,"column":31},"end":{"line":72,"column":3}},"27":{"start":{"line":70,"column":4},"end":{"line":70,"column":27}},"28":{"start":{"line":71,"column":4},"end":{"line":71,"column":21}},"29":{"start":{"line":74,"column":2},"end":{"line":129,"column":4}},"30":{"start":{"line":122,"column":34},"end":{"line":122,"column":55}}},"fnMap":{"0":{"name":"SettingsProfile","decl":{"start":{"line":23,"column":9},"end":{"line":23,"column":24}},"loc":{"start":{"line":23,"column":27},"end":{"line":130,"column":1}},"line":23},"1":{"name":"(anonymous_1)","decl":{"start":{"line":25,"column":32},"end":{"line":25,"column":33}},"loc":{"start":{"line":25,"column":43},"end":{"line":25,"column":66}},"line":25},"2":{"name":"(anonymous_2)","decl":{"start":{"line":26,"column":34},"end":{"line":26,"column":35}},"loc":{"start":{"line":26,"column":45},"end":{"line":26,"column":67}},"line":26},"3":{"name":"(anonymous_3)","decl":{"start":{"line":27,"column":28},"end":{"line":27,"column":29}},"loc":{"start":{"line":27,"column":39},"end":{"line":27,"column":55}},"line":27},"4":{"name":"(anonymous_4)","decl":{"start":{"line":28,"column":29},"end":{"line":28,"column":30}},"loc":{"start":{"line":28,"column":40},"end":{"line":28,"column":57}},"line":28},"5":{"name":"(anonymous_5)","decl":{"start":{"line":33,"column":28},"end":{"line":33,"column":29}},"loc":{"start":{"line":33,"column":39},"end":{"line":33,"column":58}},"line":33},"6":{"name":"(anonymous_6)","decl":{"start":{"line":35,"column":28},"end":{"line":35,"column":29}},"loc":{"start":{"line":35,"column":34},"end":{"line":40,"column":3}},"line":35},"7":{"name":"(anonymous_7)","decl":{"start":{"line":42,"column":23},"end":{"line":42,"column":24}},"loc":{"start":{"line":42,"column":40},"end":{"line":63,"column":3}},"line":42},"8":{"name":"(anonymous_8)","decl":{"start":{"line":65,"column":32},"end":{"line":65,"column":33}},"loc":{"start":{"line":65,"column":43},"end":{"line":67,"column":3}},"line":65},"9":{"name":"(anonymous_9)","decl":{"start":{"line":69,"column":31},"end":{"line":69,"column":32}},"loc":{"start":{"line":69,"column":42},"end":{"line":72,"column":3}},"line":69},"10":{"name":"(anonymous_10)","decl":{"start":{"line":122,"column":28},"end":{"line":122,"column":29}},"loc":{"start":{"line":122,"column":34},"end":{"line":122,"column":55}},"line":122}},"branchMap":{"0":{"loc":{"start":{"line":31,"column":4},"end":{"line":31,"column":52}},"type":"cond-expr","locations":[{"start":{"line":31,"column":25},"end":{"line":31,"column":47}},{"start":{"line":31,"column":50},"end":{"line":31,"column":52}}],"line":31},"1":{"loc":{"start":{"line":37,"column":4},"end":{"line":39,"column":5}},"type":"if","locations":[{"start":{"line":37,"column":4},"end":{"line":39,"column":5}},{"start":{},"end":{}}],"line":37},"2":{"loc":{"start":{"line":38,"column":19},"end":{"line":38,"column":67}},"type":"cond-expr","locations":[{"start":{"line":38,"column":40},"end":{"line":38,"column":62}},{"start":{"line":38,"column":65},"end":{"line":38,"column":67}}],"line":38},"3":{"loc":{"start":{"line":45,"column":27},"end":{"line":45,"column":58}},"type":"binary-expr","locations":[{"start":{"line":45,"column":27},"end":{"line":45,"column":36}},{"start":{"line":45,"column":40},"end":{"line":45,"column":58}}],"line":45},"4":{"loc":{"start":{"line":56,"column":4},"end":{"line":60,"column":5}},"type":"if","locations":[{"start":{"line":56,"column":4},"end":{"line":60,"column":5}},{"start":{},"end":{}}],"line":56},"5":{"loc":{"start":{"line":80,"column":17},"end":{"line":80,"column":77}},"type":"cond-expr","locations":[{"start":{"line":80,"column":38},"end":{"line":80,"column":60}},{"start":{"line":80,"column":63},"end":{"line":80,"column":77}}],"line":80},"6":{"loc":{"start":{"line":81,"column":17},"end":{"line":81,"column":76}},"type":"cond-expr","locations":[{"start":{"line":81,"column":38},"end":{"line":81,"column":60}},{"start":{"line":81,"column":63},"end":{"line":81,"column":76}}],"line":81},"7":{"loc":{"start":{"line":117,"column":7},"end":{"line":127,"column":7}},"type":"binary-expr","locations":[{"start":{"line":117,"column":7},"end":{"line":117,"column":18}},{"start":{"line":118,"column":8},"end":{"line":126,"column":10}}],"line":117}},"s":{"0":0,"1":0,"2":0,"3":0,"4":0,"5":0,"6":0,"7":0,"8":0,"9":0,"10":0,"11":0,"12":0,"13":0,"14":0,"15":0,"16":0,"17":0,"18":0,"19":0,"20":0,"21":0,"22":0,"23":0,"24":0,"25":0,"26":0,"27":0,"28":0,"29":0,"30":0},"f":{"0":0,"1":0,"2":0,"3":0,"4":0,"5":0,"6":0,"7":0,"8":0,"9":0,"10":0},"b":{"0":[0,0],"1":[0,0],"2":[0,0],"3":[0,0],"4":[0,0],"5":[0,0],"6":[0,0],"7":[0,0]}}
,"C:\\Users\\maxma\\OneDrive\\Documents\\GitHub\\Project-Exam-2\\src\\components\\Skeleton\\SkeletonItem.jsx": {"path":"C:\\Users\\maxma\\OneDrive\\Documents\\GitHub\\Project-Exam-2\\src\\components\\Skeleton\\SkeletonItem.jsx","statementMap":{"0":{"start":{"line":2,"column":2},"end":{"line":23,"column":4}}},"fnMap":{"0":{"name":"SkeletonItem","decl":{"start":{"line":1,"column":9},"end":{"line":1,"column":21}},"loc":{"start":{"line":1,"column":24},"end":{"line":24,"column":1}},"line":1}},"branchMap":{},"s":{"0":0},"f":{"0":0},"b":{}}
,"C:\\Users\\maxma\\OneDrive\\Documents\\GitHub\\Project-Exam-2\\src\\components\\Skeleton\\SkeletonList.jsx": {"path":"C:\\Users\\maxma\\OneDrive\\Documents\\GitHub\\Project-Exam-2\\src\\components\\Skeleton\\SkeletonList.jsx","statementMap":{"0":{"start":{"line":2,"column":2},"end":{"line":29,"column":4}}},"fnMap":{"0":{"name":"SkeletonList","decl":{"start":{"line":1,"column":9},"end":{"line":1,"column":21}},"loc":{"start":{"line":1,"column":24},"end":{"line":30,"column":1}},"line":1}},"branchMap":{},"s":{"0":0},"f":{"0":0},"b":{}}
,"C:\\Users\\maxma\\OneDrive\\Documents\\GitHub\\Project-Exam-2\\src\\components\\Tables\\TablesProfiles.jsx": {"path":"C:\\Users\\maxma\\OneDrive\\Documents\\GitHub\\Project-Exam-2\\src\\components\\Tables\\TablesProfiles.jsx","statementMap":{"0":{"start":{"line":2,"column":2},"end":{"line":8,"column":4}}},"fnMap":{"0":{"name":"TablesProfiles","decl":{"start":{"line":1,"column":9},"end":{"line":1,"column":23}},"loc":{"start":{"line":1,"column":26},"end":{"line":9,"column":1}},"line":1}},"branchMap":{},"s":{"0":0},"f":{"0":0},"b":{}}
[...]
,"C:\\Users\\maxma\\OneDrive\\Documents\\GitHub\\Project-Exam-2\\src\\pages\\Bookings\\BookingsProfile.jsx": {"path":"C:\\Users\\maxma\\OneDrive\\Documents\\GitHub\\Project-Exam-2\\src\\pages\\Bookings\\BookingsProfile.jsx","statementMap":{"0":{"start":{"line":12,"column":2},"end":{"line":26,"column":4}}},"fnMap":{"0":{"name":"BookingsProfile","decl":{"start":{"line":11,"column":9},"end":{"line":11,"column":24}},"loc":{"start":{"line":11,"column":27},"end":{"line":27,"column":1}},"line":11}},"branchMap":{},"s":{"0":0},"f":{"0":0},"b":{}}
,"C:\\Users\\maxma\\OneDrive\\Documents\\GitHub\\Project-Exam-2\\src\\pages\\Contact\\Contact.jsx": {"path":"C:\\Users\\maxma\\OneDrive\\Documents\\GitHub\\Project-Exam-2\\src\\pages\\Contact\\Contact.jsx","statementMap":{"0":{"start":{"line":13,"column":40},"end":{"line":13,"column":55}},"1":{"start":{"line":14,"column":36},"end":{"line":14,"column":48}},"2":{"start":{"line":15,"column":34},"end":{"line":15,"column":46}},"3":{"start":{"line":16,"column":28},"end":{"line":16,"column":40}},"4":{"start":{"line":17,"column":32},"end":{"line":17,"column":44}},"5":{"start":{"line":19,"column":23},"end":{"line":26,"column":3}},"6":{"start":{"line":20,"column":4},"end":{"line":20,"column":27}},"7":{"start":{"line":21,"column":4},"end":{"line":21,"column":25}},"8":{"start":{"line":22,"column":4},"end":{"line":22,"column":21}},"9":{"start":{"line":23,"column":4},"end":{"line":23,"column":20}},"10":{"start":{"line":24,"column":4},"end":{"line":24,"column":17}},"11":{"start":{"line":25,"column":4},"end":{"line":25,"column":19}},"12":{"start":{"line":27,"column":2},"end":{"line":255,"column":4}},"13":{"start":{"line":54,"column":37},"end":{"line":54,"column":65}},"14":{"start":{"line":72,"column":37},"end":{"line":72,"column":64}},"15":{"start":{"line":90,"column":35},"end":{"line":90,"column":59}},"16":{"start":{"line":108,"column":35},"end":{"line":108,"column":61}},"17":{"start":{"line":252,"column":44},"end":{"line":252,"column":65}}},"fnMap":{"0":{"name":"Contact","decl":{"start":{"line":12,"column":9},"end":{"line":12,"column":16}},"loc":{"start":{"line":12,"column":19},"end":{"line":256,"column":1}},"line":12},"1":{"name":"(anonymous_1)","decl":{"start":{"line":19,"column":23},"end":{"line":19,"column":24}},"loc":{"start":{"line":19,"column":34},"end":{"line":26,"column":3}},"line":19},"2":{"name":"(anonymous_2)","decl":{"start":{"line":54,"column":30},"end":{"line":54,"column":31}},"loc":{"start":{"line":54,"column":37},"end":{"line":54,"column":65}},"line":54},"3":{"name":"(anonymous_3)","decl":{"start":{"line":72,"column":30},"end":{"line":72,"column":31}},"loc":{"start":{"line":72,"column":37},"end":{"line":72,"column":64}},"line":72},"4":{"name":"(anonymous_4)","decl":{"start":{"line":90,"column":28},"end":{"line":90,"column":29}},"loc":{"start":{"line":90,"column":35},"end":{"line":90,"column":59}},"line":90},"5":{"name":"(anonymous_5)","decl":{"start":{"line":108,"column":28},"end":{"line":108,"column":29}},"loc":{"start":{"line":108,"column":35},"end":{"line":108,"column":61}},"line":108},"6":{"name":"(anonymous_6)","decl":{"start":{"line":252,"column":38},"end":{"line":252,"column":39}},"loc":{"start":{"line":252,"column":44},"end":{"line":252,"column":65}},"line":252}},"branchMap":{"0":{"loc":{"start":{"line":251,"column":7},"end":{"line":253,"column":7}},"type":"binary-expr","locations":[{"start":{"line":251,"column":7},"end":{"line":251,"column":18}},{"start":{"line":252,"column":8},"end":{"line":252,"column":69}}],"line":251}},"s":{"0":0,"1":0,"2":0,"3":0,"4":0,"5":0,"6":0,"7":0,"8":0,"9":0,"10":0,"11":0,"12":0,"13":0,"14":0,"15":0,"16":0,"17":0},"f":{"0":0,"1":0,"2":0,"3":0,"4":0,"5":0,"6":0},"b":{"0":[0,0]}}
,"C:\\Users\\maxma\\OneDrive\\Documents\\GitHub\\Project-Exam-2\\src\\pages\\Home\\Home.jsx": {"path":"C:\\Users\\maxma\\OneDrive\\Documents\\GitHub\\Project-Exam-2\\src\\pages\\Home\\Home.jsx","statementMap":{"0":{"start":{"line":22,"column":19},"end":{"line":22,"column":32}},"1":{"start":{"line":23,"column":40},"end":{"line":23,"column":52}},"2":{"start":{"line":24,"column":44},"end":{"line":31,"column":4}},"3":{"start":{"line":33,"column":2},"end":{"line":35,"column":17}},"4":{"start":{"line":34,"column":4},"end":{"line":34,"column":28}},"5":{"start":{"line":37,"column":23},"end":{"line":39,"column":8}},"6":{"start":{"line":38,"column":4},"end":{"line":38,"column":26}},"7":{"start":{"line":41,"column":29},"end":{"line":43,"column":8}},"8":{"start":{"line":42,"column":4},"end":{"line":42,"column":33}},"9":{"start":{"line":45,"column":2},"end":{"line":54,"column":4}}},"fnMap":{"0":{"name":"Home","decl":{"start":{"line":21,"column":9},"end":{"line":21,"column":13}},"loc":{"start":{"line":21,"column":16},"end":{"line":55,"column":1}},"line":21},"1":{"name":"(anonymous_1)","decl":{"start":{"line":33,"column":12},"end":{"line":33,"column":13}},"loc":{"start":{"line":33,"column":18},"end":{"line":35,"column":3}},"line":33},"2":{"name":"(anonymous_2)","decl":{"start":{"line":37,"column":35},"end":{"line":37,"column":36}},"loc":{"start":{"line":37,"column":46},"end":{"line":39,"column":3}},"line":37},"3":{"name":"(anonymous_3)","decl":{"start":{"line":41,"column":41},"end":{"line":41,"column":42}},"loc":{"start":{"line":41,"column":57},"end":{"line":43,"column":3}},"line":41}},"branchMap":{},"s":{"0":0,"1":0,"2":0,"3":0,"4":0,"5":0,"6":0,"7":0,"8":0,"9":0},"f":{"0":0,"1":0,"2":0,"3":0},"b":{}}
,"C:\\Users\\maxma\\OneDrive\\Documents\\GitHub\\Project-Exam-2\\src\\pages\\Login\\Login.jsx": {"path":"C:\\Users\\maxma\\OneDrive\\Documents\\GitHub\\Project-Exam-2\\src\\pages\\Login\\Login.jsx","statementMap":{"0":{"start":{"line":12,"column":2},"end":{"line":20,"column":4}}},"fnMap":{"0":{"name":"Login","decl":{"start":{"line":11,"column":9},"end":{"line":11,"column":14}},"loc":{"start":{"line":11,"column":17},"end":{"line":21,"column":1}},"line":11}},"branchMap":{},"s":{"0":0},"f":{"0":0},"b":{}}
,"C:\\Users\\maxma\\OneDrive\\Documents\\GitHub\\Project-Exam-2\\src\\pages\\Manager\\ManagerProfile.jsx": {"path":"C:\\Users\\maxma\\OneDrive\\Documents\\GitHub\\Project-Exam-2\\src\\pages\\Manager\\ManagerProfile.jsx","statementMap":{"0":{"start":{"line":16,"column":38},"end":{"line":16,"column":55}},"1":{"start":{"line":17,"column":44},"end":{"line":17,"column":58}},"2":{"start":{"line":19,"column":26},"end":{"line":22,"column":3}},"3":{"start":{"line":20,"column":4},"end":{"line":20,"column":28}},"4":{"start":{"line":21,"column":4},"end":{"line":21,"column":26}},"5":{"start":{"line":24,"column":25},"end":{"line":28,"column":3}},"6":{"start":{"line":25,"column":4},"end":{"line":27,"column":7}},"7":{"start":{"line":29,"column":2},"end":{"line":71,"column":4}},"8":{"start":{"line":42,"column":27},"end":{"line":42,"column":49}},"9":{"start":{"line":49,"column":27},"end":{"line":49,"column":50}},"10":{"start":{"line":56,"column":27},"end":{"line":56,"column":52}}},"fnMap":{"0":{"name":"ManagerProfile","decl":{"start":{"line":15,"column":9},"end":{"line":15,"column":23}},"loc":{"start":{"line":15,"column":26},"end":{"line":72,"column":1}},"line":15},"1":{"name":"(anonymous_1)","decl":{"start":{"line":19,"column":26},"end":{"line":19,"column":27}},"loc":{"start":{"line":19,"column":37},"end":{"line":22,"column":3}},"line":19},"2":{"name":"(anonymous_2)","decl":{"start":{"line":24,"column":25},"end":{"line":24,"column":26}},"loc":{"start":{"line":24,"column":35},"end":{"line":28,"column":3}},"line":24},"3":{"name":"(anonymous_3)","decl":{"start":{"line":42,"column":21},"end":{"line":42,"column":22}},"loc":{"start":{"line":42,"column":27},"end":{"line":42,"column":49}},"line":42},"4":{"name":"(anonymous_4)","decl":{"start":{"line":49,"column":21},"end":{"line":49,"column":22}},"loc":{"start":{"line":49,"column":27},"end":{"line":49,"column":50}},"line":49},"5":{"name":"(anonymous_5)","decl":{"start":{"line":56,"column":21},"end":{"line":56,"column":22}},"loc":{"start":{"line":56,"column":27},"end":{"line":56,"column":52}},"line":56}},"branchMap":{"0":{"loc":{"start":{"line":26,"column":6},"end":{"line":26,"column":75}},"type":"cond-expr","locations":[{"start":{"line":26,"column":28},"end":{"line":26,"column":47}},{"start":{"line":26,"column":50},"end":{"line":26,"column":75}}],"line":26},"1":{"loc":{"start":{"line":65,"column":7},"end":{"line":65,"column":79}},"type":"binary-expr","locations":[{"start":{"line":65,"column":7},"end":{"line":65,"column":29}},{"start":{"line":65,"column":33},"end":{"line":65,"column":79}}],"line":65},"2":{"loc":{"start":{"line":66,"column":7},"end":{"line":68,"column":7}},"type":"binary-expr","locations":[{"start":{"line":66,"column":8},"end":{"line":66,"column":29}},{"start":{"line":66,"column":33},"end":{"line":66,"column":56}},{"start":{"line":67,"column":8},"end":{"line":67,"column":68}}],"line":66},"3":{"loc":{"start":{"line":69,"column":7},"end":{"line":69,"column":54}},"type":"binary-expr","locations":[{"start":{"line":69,"column":7},"end":{"line":69,"column":32}},{"start":{"line":69,"column":36},"end":{"line":69,"column":54}}],"line":69}},"s":{"0":0,"1":0,"2":0,"3":0,"4":0,"5":0,"6":0,"7":0,"8":0,"9":0,"10":0},"f":{"0":0,"1":0,"2":0,"3":0,"4":0,"5":0},"b":{"0":[0,0],"1":[0,0],"2":[0,0,0],"3":[0,0]}}
,"C:\\Users\\maxma\\OneDrive\\Documents\\GitHub\\Project-Exam-2\\src\\pages\\Register\\Register.jsx": {"path":"C:\\Users\\maxma\\OneDrive\\Documents\\GitHub\\Project-Exam-2\\src\\pages\\Register\\Register.jsx","statementMap":{"0":{"start":{"line":12,"column":2},"end":{"line":20,"column":4}}},"fnMap":{"0":{"name":"Register","decl":{"start":{"line":11,"column":9},"end":{"line":11,"column":17}},"loc":{"start":{"line":11,"column":20},"end":{"line":21,"column":1}},"line":11}},"branchMap":{},"s":{"0":0},"f":{"0":0},"b":{}}
,"C:\\Users\\maxma\\OneDrive\\Documents\\GitHub\\Project-Exam-2\\src\\pages\\Settings\\Settings.jsx": {"path":"C:\\Users\\maxma\\OneDrive\\Documents\\GitHub\\Project-Exam-2\\src\\pages\\Settings\\Settings.jsx","statementMap":{"0":{"start":{"line":11,"column":2},"end":{"line":15,"column":4}}},"fnMap":{"0":{"name":"Settings","decl":{"start":{"line":10,"column":9},"end":{"line":10,"column":17}},"loc":{"start":{"line":10,"column":20},"end":{"line":16,"column":1}},"line":10}},"branchMap":{},"s":{"0":0},"f":{"0":0},"b":{}}
,"C:\\Users\\maxma\\OneDrive\\Documents\\GitHub\\Project-Exam-2\\src\\pages\\Venue\\Venue.jsx": {"path":"C:\\Users\\maxma\\OneDrive\\Documents\\GitHub\\Project-Exam-2\\src\\pages\\Venue\\Venue.jsx","statementMap":{"0":{"start":{"line":21,"column":17},"end":{"line":21,"column":28}},"1":{"start":{"line":22,"column":19},"end":{"line":22,"column":32}},"2":{"start":{"line":23,"column":19},"end":{"line":23,"column":32}},"3":{"start":{"line":24,"column":17},"end":{"line":24,"column":60}},"4":{"start":{"line":24,"column":40},"end":{"line":24,"column":59}},"5":{"start":{"line":25,"column":24},"end":{"line":25,"column":74}},"6":{"start":{"line":25,"column":47},"end":{"line":25,"column":73}},"7":{"start":{"line":26,"column":16},"end":{"line":26,"column":58}},"8":{"start":{"line":26,"column":39},"end":{"line":26,"column":57}},"9":{"start":{"line":28,"column":2},"end":{"line":32,"column":21}},"10":{"start":{"line":29,"column":4},"end":{"line":31,"column":5}},"11":{"start":{"line":30,"column":6},"end":{"line":30,"column":35}},"12":{"start":{"line":34,"column":2},"end":{"line":38,"column":24}},"13":{"start":{"line":35,"column":4},"end":{"line":37,"column":5}},"14":{"start":{"line":36,"column":6},"end":{"line":36,"column":28}},"15":{"start":{"line":40,"column":2},"end":{"line":40,"column":52}},"16":{"start":{"line":40,"column":28},"end":{"line":40,"column":52}},"17":{"start":{"line":41,"column":2},"end":{"line":41,"column":56}},"18":{"start":{"line":41,"column":22},"end":{"line":41,"column":56}},"19":{"start":{"line":43,"column":2},"end":{"line":47,"column":4}}},"fnMap":{"0":{"name":"Venue","decl":{"start":{"line":20,"column":9},"end":{"line":20,"column":14}},"loc":{"start":{"line":20,"column":17},"end":{"line":48,"column":1}},"line":20},"1":{"name":"(anonymous_1)","decl":{"start":{"line":24,"column":29},"end":{"line":24,"column":30}},"loc":{"start":{"line":24,"column":40},"end":{"line":24,"column":59}},"line":24},"2":{"name":"(anonymous_2)","decl":{"start":{"line":25,"column":36},"end":{"line":25,"column":37}},"loc":{"start":{"line":25,"column":47},"end":{"line":25,"column":73}},"line":25},"3":{"name":"(anonymous_3)","decl":{"start":{"line":26,"column":28},"end":{"line":26,"column":29}},"loc":{"start":{"line":26,"column":39},"end":{"line":26,"column":57}},"line":26},"4":{"name":"(anonymous_4)","decl":{"start":{"line":28,"column":12},"end":{"line":28,"column":13}},"loc":{"start":{"line":28,"column":18},"end":{"line":32,"column":3}},"line":28},"5":{"name":"(anonymous_5)","decl":{"start":{"line":34,"column":12},"end":{"line":34,"column":13}},"loc":{"start":{"line":34,"column":18},"end":{"line":38,"column":3}},"line":34}},"branchMap":{"0":{"loc":{"start":{"line":29,"column":4},"end":{"line":31,"column":5}},"type":"if","locations":[{"start":{"line":29,"column":4},"end":{"line":31,"column":5}},{"start":{},"end":{}}],"line":29},"1":{"loc":{"start":{"line":35,"column":4},"end":{"line":37,"column":5}},"type":"if","locations":[{"start":{"line":35,"column":4},"end":{"line":37,"column":5}},{"start":{},"end":{}}],"line":35},"2":{"loc":{"start":{"line":40,"column":2},"end":{"line":40,"column":52}},"type":"if","locations":[{"start":{"line":40,"column":2},"end":{"line":40,"column":52}},{"start":{},"end":{}}],"line":40},"3":{"loc":{"start":{"line":41,"column":2},"end":{"line":41,"column":56}},"type":"if","locations":[{"start":{"line":41,"column":2},"end":{"line":41,"column":56}},{"start":{},"end":{}}],"line":41}},"s":{"0":0,"1":0,"2":0,"3":0,"4":0,"5":0,"6":0,"7":0,"8":0,"9":0,"10":0,"11":0,"12":0,"13":0,"14":0,"15":0,"16":0,"17":0,"18":0,"19":0},"f":{"0":0,"1":0,"2":0,"3":0,"4":0,"5":0},"b":{"0":[0,0],"1":[0,0],"2":[0,0],"3":[0,0]}}
,"C:\\Users\\maxma\\OneDrive\\Documents\\GitHub\\Project-Exam-2\\src\\utils\\addressUtils.js": {"path":"C:\\Users\\maxma\\OneDrive\\Documents\\GitHub\\Project-Exam-2\\src\\utils\\addressUtils.js","statementMap":{"0":{"start":{"line":14,"column":16},"end":{"line":20,"column":3}},"1":{"start":{"line":22,"column":2},"end":{"line":22,"column":49}},"2":{"start":{"line":22,"column":32},"end":{"line":22,"column":36}}},"fnMap":{"0":{"name":"formatAddress","decl":{"start":{"line":13,"column":16},"end":{"line":13,"column":29}},"loc":{"start":{"line":13,"column":37},"end":{"line":23,"column":1}},"line":13},"1":{"name":"(anonymous_1)","decl":{"start":{"line":22,"column":22},"end":{"line":22,"column":23}},"loc":{"start":{"line":22,"column":32},"end":{"line":22,"column":36}},"line":22}},"branchMap":{},"s":{"0":0,"1":0,"2":0},"f":{"0":0,"1":0},"b":{}}
,"C:\\Users\\maxma\\OneDrive\\Documents\\GitHub\\Project-Exam-2\\src\\utils\\calculateTotalNights.js": {"path":"C:\\Users\\maxma\\OneDrive\\Documents\\GitHub\\Project-Exam-2\\src\\utils\\calculateTotalNights.js","statementMap":{"0":{"start":{"line":15,"column":2},"end":{"line":15,"column":37}},"1":{"start":{"line":15,"column":28},"end":{"line":15,"column":37}},"2":{"start":{"line":17,"column":19},"end":{"line":17,"column":46}},"3":{"start":{"line":18,"column":22},"end":{"line":18,"column":65}},"4":{"start":{"line":19,"column":2},"end":{"line":19,"column":21}}},"fnMap":{"0":{"name":"calculateTotalNights","decl":{"start":{"line":14,"column":9},"end":{"line":14,"column":29}},"loc":{"start":{"line":14,"column":48},"end":{"line":20,"column":1}},"line":14}},"branchMap":{"0":{"loc":{"start":{"line":15,"column":2},"end":{"line":15,"column":37}},"type":"if","locations":[{"start":{"line":15,"column":2},"end":{"line":15,"column":37}},{"start":{},"end":{}}],"line":15},"1":{"loc":{"start":{"line":15,"column":6},"end":{"line":15,"column":26}},"type":"binary-expr","locations":[{"start":{"line":15,"column":6},"end":{"line":15,"column":15}},{"start":{"line":15,"column":19},"end":{"line":15,"column":26}}],"line":15}},"s":{"0":0,"1":0,"2":0,"3":0,"4":0},"f":{"0":0},"b":{"0":[0,0],"1":[0,0]}}
,"C:\\Users\\maxma\\OneDrive\\Documents\\GitHub\\Project-Exam-2\\src\\utils\\calculateTotalPrice.js": {"path":"C:\\Users\\maxma\\OneDrive\\Documents\\GitHub\\Project-Exam-2\\src\\utils\\calculateTotalPrice.js","statementMap":{"0":{"start":{"line":16,"column":2},"end":{"line":16,"column":59}},"1":{"start":{"line":16,"column":50},"end":{"line":16,"column":59}},"2":{"start":{"line":18,"column":19},"end":{"line":18,"column":46}},"3":{"start":{"line":19,"column":19},"end":{"line":19,"column":62}},"4":{"start":{"line":20,"column":2},"end":{"line":20,"column":34}}},"fnMap":{"0":{"name":"calculateTotalPrice","decl":{"start":{"line":15,"column":9},"end":{"line":15,"column":28}},"loc":{"start":{"line":15,"column":62},"end":{"line":21,"column":1}},"line":15}},"branchMap":{"0":{"loc":{"start":{"line":16,"column":2},"end":{"line":16,"column":59}},"type":"if","locations":[{"start":{"line":16,"column":2},"end":{"line":16,"column":59}},{"start":{},"end":{}}],"line":16},"1":{"loc":{"start":{"line":16,"column":6},"end":{"line":16,"column":48}},"type":"binary-expr","locations":[{"start":{"line":16,"column":6},"end":{"line":16,"column":15}},{"start":{"line":16,"column":19},"end":{"line":16,"column":26}},{"start":{"line":16,"column":30},"end":{"line":16,"column":48}}],"line":16}},"s":{"0":0,"1":0,"2":0,"3":0,"4":0},"f":{"0":0},"b":{"0":[0,0],"1":[0,0,0]}}
,"C:\\Users\\maxma\\OneDrive\\Documents\\GitHub\\Project-Exam-2\\src\\utils\\constans.js": {"path":"C:\\Users\\maxma\\OneDrive\\Documents\\GitHub\\Project-Exam-2\\src\\utils\\constans.js","statementMap":{"0":{"start":{"line":2,"column":23},"end":{"line":2,"column":50}},"1":{"start":{"line":3,"column":32},"end":{"line":3,"column":53}},"2":{"start":{"line":4,"column":28},"end":{"line":4,"column":45}},"3":{"start":{"line":5,"column":29},"end":{"line":5,"column":57}},"4":{"start":{"line":6,"column":31},"end":{"line":6,"column":61}},"5":{"start":{"line":7,"column":32},"end":{"line":7,"column":62}},"6":{"start":{"line":12,"column":2},"end":{"line":12,"column":88}}},"fnMap":{},"branchMap":{},"s":{"0":0,"1":0,"2":0,"3":0,"4":0,"5":0,"6":0},"f":{},"b":{}}
,"C:\\Users\\maxma\\OneDrive\\Documents\\GitHub\\Project-Exam-2\\src\\utils\\routes.js": {"path":"C:\\Users\\maxma\\OneDrive\\Documents\\GitHub\\Project-Exam-2\\src\\utils\\routes.js","statementMap":{"0":{"start":{"line":1,"column":22},"end":{"line":11,"column":1}}},"fnMap":{},"branchMap":{},"s":{"0":0},"f":{},"b":{}}
,"C:\\Users\\maxma\\OneDrive\\Documents\\GitHub\\Project-Exam-2\\src\\utils\\validation.js": {"path":"C:\\Users\\maxma\\OneDrive\\Documents\\GitHub\\Project-Exam-2\\src\\utils\\validation.js","statementMap":{"0":{"start":{"line":1,"column":28},"end":{"line":4,"column":1}},"1":{"start":{"line":3,"column":2},"end":{"line":3,"column":38}},"2":{"start":{"line":6,"column":29},"end":{"line":9,"column":1}},"3":{"start":{"line":8,"column":2},"end":{"line":8,"column":59}},"4":{"start":{"line":11,"column":32},"end":{"line":14,"column":1}},"5":{"start":{"line":13,"column":2},"end":{"line":13,"column":30}}},"fnMap":{"0":{"name":"(anonymous_0)","decl":{"start":{"line":1,"column":28},"end":{"line":1,"column":29}},"loc":{"start":{"line":1,"column":38},"end":{"line":4,"column":1}},"line":1},"1":{"name":"(anonymous_1)","decl":{"start":{"line":6,"column":29},"end":{"line":6,"column":30}},"loc":{"start":{"line":6,"column":40},"end":{"line":9,"column":1}},"line":6},"2":{"name":"(anonymous_2)","decl":{"start":{"line":11,"column":32},"end":{"line":11,"column":33}},"loc":{"start":{"line":11,"column":46},"end":{"line":14,"column":1}},"line":11}},"branchMap":{},"s":{"0":0,"1":0,"2":0,"3":0,"4":0,"5":0},"f":{"0":0,"1":0,"2":0},"b":{}}
}
